# JRE version: OpenJDK Runtime Environment (17.0.10) (build 17.0.10+0--11609105)
# Java VM: OpenJDK 64-Bit Server VM (17.0.10+0--11609105, mixed mode, tiered, compressed oops, compressed class ptrs, g1 gc, windows-amd64)
GC Precious Log:
 CPUs: 12 total, 12 available
 Memory: 16171M
 Large Page Support: Disabled
 NUMA Support: Disabled
 Compressed Oops: Enabled (32-bit)
 Heap Region Size: 1M
 Heap Min Capacity: 8M
 Heap Initial Capacity: 254M
 Heap Max Capacity: 2G
 Pre-touch: Disabled
 Parallel Workers: 10
 Concurrent Workers: 3
 Concurrent Refinement Workers: 10
 Periodic GC: Disabled
Heap:
 garbage-first heap   total 503808K, used 393322K [0x0000000080000000, 0x0000000100000000)
  region size 1024K, 268 young (274432K), 21 survivors (21504K)
 Metaspace       used 128804K, committed 129920K, reserved 1179648K
  class space    used 18095K, committed 18624K, reserved 1048576K
GC Heap History (20 events):
Event: 11.062 GC heap before
{Heap before GC invocations=31 (full 0):
 garbage-first heap   total 193536K, used 103324K [0x0000000080000000, 0x0000000100000000)
  region size 1024K, 16 young (16384K), 8 survivors (8192K)
 Metaspace       used 97859K, committed 98496K, reserved 1179648K
  class space    used 13627K, committed 13952K, reserved 1048576K
}
Event: 11.067 GC heap after
{Heap after GC invocations=32 (full 0):
 garbage-first heap   total 193536K, used 96900K [0x0000000080000000, 0x0000000100000000)
  region size 1024K, 5 young (5120K), 5 survivors (5120K)
 Metaspace       used 97859K, committed 98496K, reserved 1179648K
  class space    used 13627K, committed 13952K, reserved 1048576K
}
Event: 11.548 GC heap before
{Heap before GC invocations=33 (full 0):
 garbage-first heap   total 193536K, used 157316K [0x0000000080000000, 0x0000000100000000)
  region size 1024K, 64 young (65536K), 5 survivors (5120K)
 Metaspace       used 100577K, committed 101376K, reserved 1179648K
  class space    used 14103K, committed 14528K, reserved 1048576K
}
Event: 11.555 GC heap after
{Heap after GC invocations=34 (full 0):
 garbage-first heap   total 193536K, used 102731K [0x0000000080000000, 0x0000000100000000)
  region size 1024K, 8 young (8192K), 8 survivors (8192K)
 Metaspace       used 100577K, committed 101376K, reserved 1179648K
  class space    used 14103K, committed 14528K, reserved 1048576K
}
Event: 11.558 GC heap before
{Heap before GC invocations=34 (full 0):
 garbage-first heap   total 193536K, used 103755K [0x0000000080000000, 0x0000000100000000)
  region size 1024K, 9 young (9216K), 8 survivors (8192K)
 Metaspace       used 100600K, committed 101440K, reserved 1179648K
  class space    used 14106K, committed 14528K, reserved 1048576K
}
Event: 11.563 GC heap after
{Heap after GC invocations=35 (full 0):
 garbage-first heap   total 193536K, used 102227K [0x0000000080000000, 0x0000000100000000)
  region size 1024K, 2 young (2048K), 2 survivors (2048K)
 Metaspace       used 100600K, committed 101440K, reserved 1179648K
  class space    used 14106K, committed 14528K, reserved 1048576K
}
Event: 11.846 GC heap before
{Heap before GC invocations=35 (full 0):
 garbage-first heap   total 193536K, used 156499K [0x0000000080000000, 0x0000000100000000)
  region size 1024K, 56 young (57344K), 2 survivors (2048K)
 Metaspace       used 101141K, committed 101952K, reserved 1179648K
  class space    used 14190K, committed 14592K, reserved 1048576K
}
Event: 11.850 GC heap after
{Heap after GC invocations=36 (full 0):
 garbage-first heap   total 193536K, used 105789K [0x0000000080000000, 0x0000000100000000)
  region size 1024K, 5 young (5120K), 5 survivors (5120K)
 Metaspace       used 101141K, committed 101952K, reserved 1179648K
  class space    used 14190K, committed 14592K, reserved 1048576K
}
Event: 12.216 GC heap before
{Heap before GC invocations=37 (full 0):
 garbage-first heap   total 193536K, used 158013K [0x0000000080000000, 0x0000000100000000)
  region size 1024K, 57 young (58368K), 5 survivors (5120K)
 Metaspace       used 101576K, committed 102336K, reserved 1179648K
  class space    used 14224K, committed 14592K, reserved 1048576K
}
Event: 12.220 GC heap after
{Heap after GC invocations=38 (full 0):
 garbage-first heap   total 193536K, used 108354K [0x0000000080000000, 0x0000000100000000)
  region size 1024K, 5 young (5120K), 5 survivors (5120K)
 Metaspace       used 101576K, committed 102336K, reserved 1179648K
  class space    used 14224K, committed 14592K, reserved 1048576K
}
Event: 12.228 GC heap before
{Heap before GC invocations=38 (full 0):
 garbage-first heap   total 193536K, used 111426K [0x0000000080000000, 0x0000000100000000)
  region size 1024K, 9 young (9216K), 5 survivors (5120K)
 Metaspace       used 101579K, committed 102336K, reserved 1179648K
  class space    used 14224K, committed 14592K, reserved 1048576K
}
Event: 12.232 GC heap after
{Heap after GC invocations=39 (full 0):
 garbage-first heap   total 193536K, used 107671K [0x0000000080000000, 0x0000000100000000)
  region size 1024K, 2 young (2048K), 2 survivors (2048K)
 Metaspace       used 101579K, committed 102336K, reserved 1179648K
  class space    used 14224K, committed 14592K, reserved 1048576K
}
Event: 12.498 GC heap before
{Heap before GC invocations=39 (full 0):
 garbage-first heap   total 193536K, used 156823K [0x0000000080000000, 0x0000000100000000)
  region size 1024K, 51 young (52224K), 2 survivors (2048K)
 Metaspace       used 101801K, committed 102528K, reserved 1179648K
  class space    used 14253K, committed 14592K, reserved 1048576K
}
Event: 12.501 GC heap after
{Heap after GC invocations=40 (full 0):
 garbage-first heap   total 193536K, used 110219K [0x0000000080000000, 0x0000000100000000)
  region size 1024K, 4 young (4096K), 4 survivors (4096K)
 Metaspace       used 101801K, committed 102528K, reserved 1179648K
  class space    used 14253K, committed 14592K, reserved 1048576K
}
Event: 12.752 GC heap before
{Heap before GC invocations=40 (full 0):
 garbage-first heap   total 193536K, used 158347K [0x0000000080000000, 0x0000000100000000)
  region size 1024K, 52 young (53248K), 4 survivors (4096K)
 Metaspace       used 101907K, committed 102592K, reserved 1179648K
  class space    used 14259K, committed 14592K, reserved 1048576K
}
Event: 12.756 GC heap after
{Heap after GC invocations=41 (full 0):
 garbage-first heap   total 193536K, used 112304K [0x0000000080000000, 0x0000000100000000)
  region size 1024K, 6 young (6144K), 6 survivors (6144K)
 Metaspace       used 101907K, committed 102592K, reserved 1179648K
  class space    used 14259K, committed 14592K, reserved 1048576K
}
Event: 13.189 GC heap before
{Heap before GC invocations=41 (full 0):
 garbage-first heap   total 193536K, used 159408K [0x0000000080000000, 0x0000000100000000)
  region size 1024K, 53 young (54272K), 6 survivors (6144K)
 Metaspace       used 103002K, committed 103744K, reserved 1179648K
  class space    used 14426K, committed 14784K, reserved 1048576K
}
Event: 13.195 GC heap after
{Heap after GC invocations=42 (full 0):
 garbage-first heap   total 503808K, used 113726K [0x0000000080000000, 0x0000000100000000)
  region size 1024K, 4 young (4096K), 4 survivors (4096K)
 Metaspace       used 103002K, committed 103744K, reserved 1179648K
  class space    used 14426K, committed 14784K, reserved 1048576K
}
Event: 74.016 GC heap before
{Heap before GC invocations=42 (full 0):
 garbage-first heap   total 503808K, used 410686K [0x0000000080000000, 0x0000000100000000)
  region size 1024K, 290 young (296960K), 4 survivors (4096K)
 Metaspace       used 125440K, committed 126336K, reserved 1179648K
  class space    used 17728K, committed 18176K, reserved 1048576K
}
Event: 74.030 GC heap after
{Heap after GC invocations=43 (full 0):
 garbage-first heap   total 503808K, used 131178K [0x0000000080000000, 0x0000000100000000)
  region size 1024K, 21 young (21504K), 21 survivors (21504K)
 Metaspace       used 125440K, committed 126336K, reserved 1179648K
  class space    used 17728K, committed 18176K, reserved 1048576K
}

