# JRE version: OpenJDK Runtime Environment (17.0.10) (build 17.0.10+0--11609105)
# Java VM: OpenJDK 64-Bit Server VM (17.0.10+0--11609105, mixed mode, tiered, compressed oops, compressed class ptrs, g1 gc, windows-amd64)
GC Precious Log:
 CPUs: 12 total, 12 available
 Memory: 16171M
 Large Page Support: Disabled
 NUMA Support: Disabled
 Compressed Oops: Enabled (32-bit)
 Heap Region Size: 1M
 Heap Min Capacity: 8M
 Heap Initial Capacity: 254M
 Heap Max Capacity: 2G
 Pre-touch: Disabled
 Parallel Workers: 10
 Concurrent Workers: 3
 Concurrent Refinement Workers: 10
 Periodic GC: Disabled
Heap:
 garbage-first heap   total 309248K, used 171195K [0x0000000080000000, 0x0000000100000000)
  region size 1024K, 11 young (11264K), 11 survivors (11264K)
 Metaspace       used 115368K, committed 116224K, reserved 1179648K
  class space    used 16389K, committed 16768K, reserved 1048576K
GC Heap History (20 events):
Event: 10.210 GC heap after
{Heap after GC invocations=34 (full 0):
 garbage-first heap   total 229376K, used 109517K [0x0000000080000000, 0x0000000100000000)
  region size 1024K, 6 young (6144K), 6 survivors (6144K)
 Metaspace       used 101912K, committed 102720K, reserved 1179648K
  class space    used 14247K, committed 14592K, reserved 1048576K
}
Event: 10.499 GC heap before
{Heap before GC invocations=34 (full 0):
 garbage-first heap   total 229376K, used 185293K [0x0000000080000000, 0x0000000100000000)
  region size 1024K, 81 young (82944K), 6 survivors (6144K)
 Metaspace       used 102142K, committed 102912K, reserved 1179648K
  class space    used 14272K, committed 14656K, reserved 1048576K
}
Event: 10.503 GC heap after
{Heap after GC invocations=35 (full 0):
 garbage-first heap   total 229376K, used 111307K [0x0000000080000000, 0x0000000100000000)
  region size 1024K, 8 young (8192K), 8 survivors (8192K)
 Metaspace       used 102142K, committed 102912K, reserved 1179648K
  class space    used 14272K, committed 14656K, reserved 1048576K
}
Event: 10.879 GC heap before
{Heap before GC invocations=35 (full 0):
 garbage-first heap   total 229376K, used 191179K [0x0000000080000000, 0x0000000100000000)
  region size 1024K, 82 young (83968K), 8 survivors (8192K)
 Metaspace       used 104487K, committed 105280K, reserved 1179648K
  class space    used 14485K, committed 14912K, reserved 1048576K
}
Event: 10.884 GC heap after
{Heap after GC invocations=36 (full 0):
 garbage-first heap   total 229376K, used 115942K [0x0000000080000000, 0x0000000100000000)
  region size 1024K, 10 young (10240K), 10 survivors (10240K)
 Metaspace       used 104487K, committed 105280K, reserved 1179648K
  class space    used 14485K, committed 14912K, reserved 1048576K
}
Event: 11.060 GC heap before
{Heap before GC invocations=36 (full 0):
 garbage-first heap   total 229376K, used 185574K [0x0000000080000000, 0x0000000100000000)
  region size 1024K, 79 young (80896K), 10 survivors (10240K)
 Metaspace       used 105659K, committed 106432K, reserved 1179648K
  class space    used 14688K, committed 15040K, reserved 1048576K
}
Event: 11.067 GC heap after
{Heap after GC invocations=37 (full 0):
 garbage-first heap   total 229376K, used 123535K [0x0000000080000000, 0x0000000100000000)
  region size 1024K, 10 young (10240K), 10 survivors (10240K)
 Metaspace       used 105659K, committed 106432K, reserved 1179648K
  class space    used 14688K, committed 15040K, reserved 1048576K
}
Event: 11.074 GC heap before
{Heap before GC invocations=37 (full 0):
 garbage-first heap   total 229376K, used 132751K [0x0000000080000000, 0x0000000100000000)
  region size 1024K, 20 young (20480K), 10 survivors (10240K)
 Metaspace       used 105747K, committed 106496K, reserved 1179648K
  class space    used 14698K, committed 15040K, reserved 1048576K
}
Event: 11.078 GC heap after
{Heap after GC invocations=38 (full 0):
 garbage-first heap   total 229376K, used 126274K [0x0000000080000000, 0x0000000100000000)
  region size 1024K, 3 young (3072K), 3 survivors (3072K)
 Metaspace       used 105747K, committed 106496K, reserved 1179648K
  class space    used 14698K, committed 15040K, reserved 1048576K
}
Event: 11.280 GC heap before
{Heap before GC invocations=39 (full 0):
 garbage-first heap   total 280576K, used 181570K [0x0000000080000000, 0x0000000100000000)
  region size 1024K, 58 young (59392K), 3 survivors (3072K)
 Metaspace       used 107512K, committed 108288K, reserved 1179648K
  class space    used 15009K, committed 15360K, reserved 1048576K
}
Event: 11.285 GC heap after
{Heap after GC invocations=40 (full 0):
 garbage-first heap   total 280576K, used 134141K [0x0000000080000000, 0x0000000100000000)
  region size 1024K, 8 young (8192K), 8 survivors (8192K)
 Metaspace       used 107512K, committed 108288K, reserved 1179648K
  class space    used 15009K, committed 15360K, reserved 1048576K
}
Event: 11.324 GC heap before
{Heap before GC invocations=40 (full 0):
 garbage-first heap   total 280576K, used 139261K [0x0000000080000000, 0x0000000100000000)
  region size 1024K, 13 young (13312K), 8 survivors (8192K)
 Metaspace       used 108015K, committed 108800K, reserved 1179648K
  class space    used 15112K, committed 15488K, reserved 1048576K
}
Event: 11.327 GC heap after
{Heap after GC invocations=41 (full 0):
 garbage-first heap   total 280576K, used 133581K [0x0000000080000000, 0x0000000100000000)
  region size 1024K, 2 young (2048K), 2 survivors (2048K)
 Metaspace       used 108015K, committed 108800K, reserved 1179648K
  class space    used 15112K, committed 15488K, reserved 1048576K
}
Event: 11.603 GC heap before
{Heap before GC invocations=41 (full 0):
 garbage-first heap   total 280576K, used 218573K [0x0000000080000000, 0x0000000100000000)
  region size 1024K, 86 young (88064K), 2 survivors (2048K)
 Metaspace       used 111324K, committed 112128K, reserved 1179648K
  class space    used 15709K, committed 16064K, reserved 1048576K
}
Event: 11.612 GC heap after
{Heap after GC invocations=42 (full 0):
 garbage-first heap   total 280576K, used 146805K [0x0000000080000000, 0x0000000100000000)
  region size 1024K, 11 young (11264K), 11 survivors (11264K)
 Metaspace       used 111324K, committed 112128K, reserved 1179648K
  class space    used 15709K, committed 16064K, reserved 1048576K
}
Event: 11.774 GC heap before
{Heap before GC invocations=43 (full 0):
 garbage-first heap   total 309248K, used 221557K [0x0000000080000000, 0x0000000100000000)
  region size 1024K, 84 young (86016K), 11 survivors (11264K)
 Metaspace       used 113763K, committed 114560K, reserved 1179648K
  class space    used 16093K, committed 16448K, reserved 1048576K
}
Event: 11.789 GC heap after
{Heap after GC invocations=44 (full 0):
 garbage-first heap   total 309248K, used 157970K [0x0000000080000000, 0x0000000100000000)
  region size 1024K, 11 young (11264K), 11 survivors (11264K)
 Metaspace       used 113763K, committed 114560K, reserved 1179648K
  class space    used 16093K, committed 16448K, reserved 1048576K
}
Event: 11.795 GC heap before
{Heap before GC invocations=44 (full 0):
 garbage-first heap   total 309248K, used 162066K [0x0000000080000000, 0x0000000100000000)
  region size 1024K, 15 young (15360K), 11 survivors (11264K)
 Metaspace       used 113856K, committed 114688K, reserved 1179648K
  class space    used 16109K, committed 16512K, reserved 1048576K
}
Event: 11.803 GC heap after
{Heap after GC invocations=45 (full 0):
 garbage-first heap   total 309248K, used 158586K [0x0000000080000000, 0x0000000100000000)
  region size 1024K, 2 young (2048K), 2 survivors (2048K)
 Metaspace       used 113856K, committed 114688K, reserved 1179648K
  class space    used 16109K, committed 16512K, reserved 1048576K
}
Event: 11.911 GC heap before
{Heap before GC invocations=45 (full 0):
 garbage-first heap   total 309248K, used 242554K [0x0000000080000000, 0x0000000100000000)
  region size 1024K, 84 young (86016K), 2 survivors (2048K)
 Metaspace       used 115368K, committed 116224K, reserved 1179648K
  class space    used 16389K, committed 16768K, reserved 1048576K
}

