# JRE version: OpenJDK Runtime Environment (17.0.10) (build 17.0.10+0--11609105)
# Java VM: OpenJDK 64-Bit Server VM (17.0.10+0--11609105, mixed mode, tiered, compressed oops, compressed class ptrs, g1 gc, windows-amd64)
GC Precious Log:
 CPUs: 12 total, 12 available
 Memory: 16171M
 Large Page Support: Disabled
 NUMA Support: Disabled
 Compressed Oops: Enabled (32-bit)
 Heap Region Size: 1M
 Heap Min Capacity: 8M
 Heap Initial Capacity: 254M
 Heap Max Capacity: 2G
 Pre-touch: Disabled
 Parallel Workers: 10
 Concurrent Workers: 3
 Concurrent Refinement Workers: 10
 Periodic GC: Disabled
Heap:
 garbage-first heap   total 448512K, used 219919K [0x0000000080000000, 0x0000000100000000)
  region size 1024K, 101 young (103424K), 14 survivors (14336K)
 Metaspace       used 106266K, committed 107136K, reserved 1179648K
  class space    used 14832K, committed 15296K, reserved 1048576K
GC Heap History (20 events):
Event: 8.552 GC heap before
{Heap before GC invocations=29 (full 0):
 garbage-first heap   total 180224K, used 96312K [0x0000000080000000, 0x0000000100000000)
  region size 1024K, 8 young (8192K), 3 survivors (3072K)
 Metaspace       used 87277K, committed 87936K, reserved 1179648K
  class space    used 12154K, committed 12480K, reserved 1048576K
}
Event: 8.554 GC heap after
{Heap after GC invocations=30 (full 0):
 garbage-first heap   total 180224K, used 90120K [0x0000000080000000, 0x0000000100000000)
  region size 1024K, 1 young (1024K), 1 survivors (1024K)
 Metaspace       used 87277K, committed 87936K, reserved 1179648K
  class space    used 12154K, committed 12480K, reserved 1048576K
}
Event: 9.126 GC heap before
{Heap before GC invocations=30 (full 0):
 garbage-first heap   total 180224K, used 147464K [0x0000000080000000, 0x0000000100000000)
  region size 1024K, 57 young (58368K), 1 survivors (1024K)
 Metaspace       used 91395K, committed 92096K, reserved 1179648K
  class space    used 12751K, committed 13120K, reserved 1048576K
}
Event: 9.129 GC heap after
{Heap after GC invocations=31 (full 0):
 garbage-first heap   total 180224K, used 92853K [0x0000000080000000, 0x0000000100000000)
  region size 1024K, 4 young (4096K), 4 survivors (4096K)
 Metaspace       used 91395K, committed 92096K, reserved 1179648K
  class space    used 12751K, committed 13120K, reserved 1048576K
}
Event: 9.669 GC heap before
{Heap before GC invocations=32 (full 0):
 garbage-first heap   total 180224K, used 148149K [0x0000000080000000, 0x0000000100000000)
  region size 1024K, 58 young (59392K), 4 survivors (4096K)
 Metaspace       used 96290K, committed 97024K, reserved 1179648K
  class space    used 13481K, committed 13824K, reserved 1048576K
}
Event: 9.673 GC heap after
{Heap after GC invocations=33 (full 0):
 garbage-first heap   total 180224K, used 95542K [0x0000000080000000, 0x0000000100000000)
  region size 1024K, 6 young (6144K), 6 survivors (6144K)
 Metaspace       used 96290K, committed 97024K, reserved 1179648K
  class space    used 13481K, committed 13824K, reserved 1048576K
}
Event: 9.695 GC heap before
{Heap before GC invocations=33 (full 0):
 garbage-first heap   total 180224K, used 97590K [0x0000000080000000, 0x0000000100000000)
  region size 1024K, 8 young (8192K), 6 survivors (6144K)
 Metaspace       used 96529K, committed 97280K, reserved 1179648K
  class space    used 13500K, committed 13888K, reserved 1048576K
}
Event: 9.700 GC heap after
{Heap after GC invocations=34 (full 0):
 garbage-first heap   total 180224K, used 95006K [0x0000000080000000, 0x0000000100000000)
  region size 1024K, 1 young (1024K), 1 survivors (1024K)
 Metaspace       used 96529K, committed 97280K, reserved 1179648K
  class space    used 13500K, committed 13888K, reserved 1048576K
}
Event: 10.200 GC heap before
{Heap before GC invocations=34 (full 0):
 garbage-first heap   total 180224K, used 150302K [0x0000000080000000, 0x0000000100000000)
  region size 1024K, 55 young (56320K), 1 survivors (1024K)
 Metaspace       used 99943K, committed 100736K, reserved 1179648K
  class space    used 14029K, committed 14400K, reserved 1048576K
}
Event: 10.204 GC heap after
{Heap after GC invocations=35 (full 0):
 garbage-first heap   total 180224K, used 97961K [0x0000000080000000, 0x0000000100000000)
  region size 1024K, 4 young (4096K), 4 survivors (4096K)
 Metaspace       used 99943K, committed 100736K, reserved 1179648K
  class space    used 14029K, committed 14400K, reserved 1048576K
}
Event: 10.585 GC heap before
{Heap before GC invocations=36 (full 0):
 garbage-first heap   total 180224K, used 149161K [0x0000000080000000, 0x0000000100000000)
  region size 1024K, 55 young (56320K), 4 survivors (4096K)
 Metaspace       used 101212K, committed 101952K, reserved 1179648K
  class space    used 14202K, committed 14528K, reserved 1048576K
}
Event: 10.591 GC heap after
{Heap after GC invocations=37 (full 0):
 garbage-first heap   total 180224K, used 104270K [0x0000000080000000, 0x0000000100000000)
  region size 1024K, 7 young (7168K), 7 survivors (7168K)
 Metaspace       used 101212K, committed 101952K, reserved 1179648K
  class space    used 14202K, committed 14528K, reserved 1048576K
}
Event: 10.593 GC heap before
{Heap before GC invocations=37 (full 0):
 garbage-first heap   total 180224K, used 105294K [0x0000000080000000, 0x0000000100000000)
  region size 1024K, 8 young (8192K), 7 survivors (7168K)
 Metaspace       used 101216K, committed 101952K, reserved 1179648K
  class space    used 14202K, committed 14528K, reserved 1048576K
}
Event: 10.597 GC heap after
{Heap after GC invocations=38 (full 0):
 garbage-first heap   total 180224K, used 104448K [0x0000000080000000, 0x0000000100000000)
  region size 1024K, 1 young (1024K), 1 survivors (1024K)
 Metaspace       used 101216K, committed 101952K, reserved 1179648K
  class space    used 14202K, committed 14528K, reserved 1048576K
}
Event: 10.702 GC heap before
{Heap before GC invocations=38 (full 0):
 garbage-first heap   total 180224K, used 148480K [0x0000000080000000, 0x0000000100000000)
  region size 1024K, 45 young (46080K), 1 survivors (1024K)
 Metaspace       used 101306K, committed 102016K, reserved 1179648K
  class space    used 14202K, committed 14528K, reserved 1048576K
}
Event: 10.704 GC heap after
{Heap after GC invocations=39 (full 0):
 garbage-first heap   total 180224K, used 107142K [0x0000000080000000, 0x0000000100000000)
  region size 1024K, 4 young (4096K), 4 survivors (4096K)
 Metaspace       used 101306K, committed 102016K, reserved 1179648K
  class space    used 14202K, committed 14528K, reserved 1048576K
}
Event: 10.944 GC heap before
{Heap before GC invocations=39 (full 0):
 garbage-first heap   total 180224K, used 148102K [0x0000000080000000, 0x0000000100000000)
  region size 1024K, 45 young (46080K), 4 survivors (4096K)
 Metaspace       used 101769K, committed 102592K, reserved 1179648K
  class space    used 14285K, committed 14656K, reserved 1048576K
}
Event: 10.948 GC heap after
{Heap after GC invocations=40 (full 0):
 garbage-first heap   total 448512K, used 109284K [0x0000000080000000, 0x0000000100000000)
  region size 1024K, 5 young (5120K), 5 survivors (5120K)
 Metaspace       used 101769K, committed 102592K, reserved 1179648K
  class space    used 14285K, committed 14656K, reserved 1048576K
}
Event: 11.868 GC heap before
{Heap before GC invocations=40 (full 0):
 garbage-first heap   total 448512K, used 362212K [0x0000000080000000, 0x0000000100000000)
  region size 1024K, 248 young (253952K), 5 survivors (5120K)
 Metaspace       used 104644K, committed 105408K, reserved 1179648K
  class space    used 14584K, committed 14976K, reserved 1048576K
}
Event: 11.880 GC heap after
{Heap after GC invocations=41 (full 0):
 garbage-first heap   total 448512K, used 118543K [0x0000000080000000, 0x0000000100000000)
  region size 1024K, 14 young (14336K), 14 survivors (14336K)
 Metaspace       used 104644K, committed 105408K, reserved 1179648K
  class space    used 14584K, committed 14976K, reserved 1048576K
}

