# JRE version: OpenJDK Runtime Environment (17.0.10) (build 17.0.10+0--11609105)
# Java VM: OpenJDK 64-Bit Server VM (17.0.10+0--11609105, mixed mode, tiered, compressed oops, compressed class ptrs, g1 gc, windows-amd64)
GC Precious Log:
 CPUs: 12 total, 12 available
 Memory: 16171M
 Large Page Support: Disabled
 NUMA Support: Disabled
 Compressed Oops: Enabled (32-bit)
 Heap Region Size: 1M
 Heap Min Capacity: 8M
 Heap Initial Capacity: 254M
 Heap Max Capacity: 2G
 Pre-touch: Disabled
 Parallel Workers: 10
 Concurrent Workers: 3
 Concurrent Refinement Workers: 10
 Periodic GC: Disabled
Heap:
 garbage-first heap   total 442368K, used 374099K [0x0000000080000000, 0x0000000100000000)
  region size 1024K, 89 young (91136K), 12 survivors (12288K)
 Metaspace       used 161088K, committed 162368K, reserved 1245184K
  class space    used 22397K, committed 23040K, reserved 1048576K
GC Heap History (20 events):
Event: 1123.411 GC heap before
{Heap before GC invocations=67 (full 0):
 garbage-first heap   total 372736K, used 291556K [0x0000000080000000, 0x0000000100000000)
  region size 1024K, 55 young (56320K), 2 survivors (2048K)
 Metaspace       used 158460K, committed 159616K, reserved 1245184K
  class space    used 22273K, committed 22848K, reserved 1048576K
}
Event: 1123.415 GC heap after
{Heap after GC invocations=68 (full 0):
 garbage-first heap   total 372736K, used 244349K [0x0000000080000000, 0x0000000100000000)
  region size 1024K, 7 young (7168K), 7 survivors (7168K)
 Metaspace       used 158460K, committed 159616K, reserved 1245184K
  class space    used 22273K, committed 22848K, reserved 1048576K
}
Event: 1123.684 GC heap before
{Heap before GC invocations=68 (full 0):
 garbage-first heap   total 372736K, used 298621K [0x0000000080000000, 0x0000000100000000)
  region size 1024K, 59 young (60416K), 7 survivors (7168K)
 Metaspace       used 158575K, committed 159744K, reserved 1245184K
  class space    used 22280K, committed 22848K, reserved 1048576K
}
Event: 1123.693 GC heap after
{Heap after GC invocations=69 (full 0):
 garbage-first heap   total 372736K, used 262962K [0x0000000080000000, 0x0000000100000000)
  region size 1024K, 8 young (8192K), 8 survivors (8192K)
 Metaspace       used 158575K, committed 159744K, reserved 1245184K
  class space    used 22280K, committed 22848K, reserved 1048576K
}
Event: 1123.857 GC heap before
{Heap before GC invocations=69 (full 0):
 garbage-first heap   total 372736K, used 317234K [0x0000000080000000, 0x0000000100000000)
  region size 1024K, 45 young (46080K), 8 survivors (8192K)
 Metaspace       used 158691K, committed 159936K, reserved 1245184K
  class space    used 22295K, committed 22912K, reserved 1048576K
}
Event: 1123.862 GC heap after
{Heap after GC invocations=70 (full 0):
 garbage-first heap   total 372736K, used 268811K [0x0000000080000000, 0x0000000100000000)
  region size 1024K, 6 young (6144K), 6 survivors (6144K)
 Metaspace       used 158691K, committed 159936K, reserved 1245184K
  class space    used 22295K, committed 22912K, reserved 1048576K
}
Event: 1124.981 GC heap before
{Heap before GC invocations=70 (full 0):
 garbage-first heap   total 372736K, used 303627K [0x0000000080000000, 0x0000000100000000)
  region size 1024K, 41 young (41984K), 6 survivors (6144K)
 Metaspace       used 158750K, committed 160000K, reserved 1245184K
  class space    used 22299K, committed 22912K, reserved 1048576K
}
Event: 1124.985 GC heap after
{Heap after GC invocations=71 (full 0):
 garbage-first heap   total 372736K, used 273770K [0x0000000080000000, 0x0000000100000000)
  region size 1024K, 5 young (5120K), 5 survivors (5120K)
 Metaspace       used 158750K, committed 160000K, reserved 1245184K
  class space    used 22299K, committed 22912K, reserved 1048576K
}
Event: 1125.054 GC heap before
{Heap before GC invocations=71 (full 0):
 garbage-first heap   total 372736K, used 307562K [0x0000000080000000, 0x0000000100000000)
  region size 1024K, 39 young (39936K), 5 survivors (5120K)
 Metaspace       used 158784K, committed 160000K, reserved 1245184K
  class space    used 22299K, committed 22912K, reserved 1048576K
}
Event: 1125.057 GC heap after
{Heap after GC invocations=72 (full 0):
 garbage-first heap   total 372736K, used 272663K [0x0000000080000000, 0x0000000100000000)
  region size 1024K, 2 young (2048K), 2 survivors (2048K)
 Metaspace       used 158784K, committed 160000K, reserved 1245184K
  class space    used 22299K, committed 22912K, reserved 1048576K
}
Event: 1125.098 GC heap before
{Heap before GC invocations=72 (full 0):
 garbage-first heap   total 372736K, used 310551K [0x0000000080000000, 0x0000000100000000)
  region size 1024K, 40 young (40960K), 2 survivors (2048K)
 Metaspace       used 158806K, committed 160064K, reserved 1245184K
  class space    used 22299K, committed 22912K, reserved 1048576K
}
Event: 1125.100 GC heap after
{Heap after GC invocations=73 (full 0):
 garbage-first heap   total 442368K, used 271569K [0x0000000080000000, 0x0000000100000000)
  region size 1024K, 1 young (1024K), 1 survivors (1024K)
 Metaspace       used 158806K, committed 160064K, reserved 1245184K
  class space    used 22299K, committed 22912K, reserved 1048576K
}
Event: 1128.524 GC heap before
{Heap before GC invocations=73 (full 0):
 garbage-first heap   total 442368K, used 366801K [0x0000000080000000, 0x0000000100000000)
  region size 1024K, 91 young (93184K), 1 survivors (1024K)
 Metaspace       used 159541K, committed 160704K, reserved 1245184K
  class space    used 22332K, committed 22912K, reserved 1048576K
}
Event: 1128.528 GC heap after
{Heap after GC invocations=74 (full 0):
 garbage-first heap   total 442368K, used 280066K [0x0000000080000000, 0x0000000100000000)
  region size 1024K, 7 young (7168K), 7 survivors (7168K)
 Metaspace       used 159541K, committed 160704K, reserved 1245184K
  class space    used 22332K, committed 22912K, reserved 1048576K
}
Event: 1128.878 GC heap before
{Heap before GC invocations=74 (full 0):
 garbage-first heap   total 442368K, used 367106K [0x0000000080000000, 0x0000000100000000)
  region size 1024K, 92 young (94208K), 7 survivors (7168K)
 Metaspace       used 160355K, committed 161536K, reserved 1245184K
  class space    used 22377K, committed 22976K, reserved 1048576K
}
Event: 1128.880 GC heap after
{Heap after GC invocations=75 (full 0):
 garbage-first heap   total 442368K, used 275373K [0x0000000080000000, 0x0000000100000000)
  region size 1024K, 4 young (4096K), 4 survivors (4096K)
 Metaspace       used 160355K, committed 161536K, reserved 1245184K
  class space    used 22377K, committed 22976K, reserved 1048576K
}
Event: 1470.375 GC heap before
{Heap before GC invocations=75 (full 0):
 garbage-first heap   total 442368K, used 386989K [0x0000000080000000, 0x0000000100000000)
  region size 1024K, 96 young (98304K), 4 survivors (4096K)
 Metaspace       used 160654K, committed 161856K, reserved 1245184K
  class space    used 22379K, committed 22976K, reserved 1048576K
}
Event: 1470.379 GC heap after
{Heap after GC invocations=76 (full 0):
 garbage-first heap   total 442368K, used 277344K [0x0000000080000000, 0x0000000100000000)
  region size 1024K, 6 young (6144K), 6 survivors (6144K)
 Metaspace       used 160654K, committed 161856K, reserved 1245184K
  class space    used 22379K, committed 22976K, reserved 1048576K
}
Event: 1470.777 GC heap before
{Heap before GC invocations=76 (full 0):
 garbage-first heap   total 442368K, used 389984K [0x0000000080000000, 0x0000000100000000)
  region size 1024K, 98 young (100352K), 6 survivors (6144K)
 Metaspace       used 160895K, committed 162176K, reserved 1245184K
  class space    used 22391K, committed 23040K, reserved 1048576K
}
Event: 1470.783 GC heap after
{Heap after GC invocations=77 (full 0):
 garbage-first heap   total 442368K, used 283987K [0x0000000080000000, 0x0000000100000000)
  region size 1024K, 12 young (12288K), 12 survivors (12288K)
 Metaspace       used 160895K, committed 162176K, reserved 1245184K
  class space    used 22391K, committed 23040K, reserved 1048576K
}

