# JRE version: OpenJDK Runtime Environment (17.0.10) (build 17.0.10+0--11609105)
# Java VM: OpenJDK 64-Bit Server VM (17.0.10+0--11609105, mixed mode, tiered, compressed oops, compressed class ptrs, g1 gc, windows-amd64)
GC Precious Log:
 CPUs: 12 total, 12 available
 Memory: 16171M
 Large Page Support: Disabled
 NUMA Support: Disabled
 Compressed Oops: Enabled (32-bit)
 Heap Region Size: 1M
 Heap Min Capacity: 8M
 Heap Initial Capacity: 254M
 Heap Max Capacity: 2G
 Pre-touch: Disabled
 Parallel Workers: 10
 Concurrent Workers: 3
 Concurrent Refinement Workers: 10
 Periodic GC: Disabled
Heap:
 garbage-first heap   total 378880K, used 230866K [0x0000000080000000, 0x0000000100000000)
  region size 1024K, 11 young (11264K), 1 survivors (1024K)
 Metaspace       used 117614K, committed 118720K, reserved 1179648K
  class space    used 16027K, committed 16576K, reserved 1048576K
GC Heap History (20 events):
Event: 398.687 GC heap before
{Heap before GC invocations=60 (full 0):
 garbage-first heap   total 258048K, used 217909K [0x0000000080000000, 0x0000000100000000)
  region size 1024K, 43 young (44032K), 3 survivors (3072K)
 Metaspace       used 111488K, committed 112576K, reserved 1179648K
  class space    used 15412K, committed 15936K, reserved 1048576K
}
Event: 398.691 GC heap after
{Heap after GC invocations=61 (full 0):
 garbage-first heap   total 258048K, used 180868K [0x0000000080000000, 0x0000000100000000)
  region size 1024K, 5 young (5120K), 5 survivors (5120K)
 Metaspace       used 111488K, committed 112576K, reserved 1179648K
  class space    used 15412K, committed 15936K, reserved 1048576K
}
Event: 399.108 GC heap before
{Heap before GC invocations=61 (full 0):
 garbage-first heap   total 258048K, used 219780K [0x0000000080000000, 0x0000000100000000)
  region size 1024K, 43 young (44032K), 5 survivors (5120K)
 Metaspace       used 111698K, committed 112768K, reserved 1179648K
  class space    used 15425K, committed 15936K, reserved 1048576K
}
Event: 399.115 GC heap after
{Heap after GC invocations=62 (full 0):
 garbage-first heap   total 258048K, used 186692K [0x0000000080000000, 0x0000000100000000)
  region size 1024K, 6 young (6144K), 6 survivors (6144K)
 Metaspace       used 111698K, committed 112768K, reserved 1179648K
  class space    used 15425K, committed 15936K, reserved 1048576K
}
Event: 399.451 GC heap before
{Heap before GC invocations=62 (full 0):
 garbage-first heap   total 258048K, used 225604K [0x0000000080000000, 0x0000000100000000)
  region size 1024K, 37 young (37888K), 6 survivors (6144K)
 Metaspace       used 113657K, committed 114752K, reserved 1179648K
  class space    used 15564K, committed 16128K, reserved 1048576K
}
Event: 399.457 GC heap after
{Heap after GC invocations=63 (full 0):
 garbage-first heap   total 258048K, used 195951K [0x0000000080000000, 0x0000000100000000)
  region size 1024K, 5 young (5120K), 5 survivors (5120K)
 Metaspace       used 113657K, committed 114752K, reserved 1179648K
  class space    used 15564K, committed 16128K, reserved 1048576K
}
Event: 399.608 GC heap before
{Heap before GC invocations=63 (full 0):
 garbage-first heap   total 258048K, used 216431K [0x0000000080000000, 0x0000000100000000)
  region size 1024K, 25 young (25600K), 5 survivors (5120K)
 Metaspace       used 114099K, committed 115264K, reserved 1179648K
  class space    used 15616K, committed 16192K, reserved 1048576K
}
Event: 399.615 GC heap after
{Heap after GC invocations=64 (full 0):
 garbage-first heap   total 258048K, used 207853K [0x0000000080000000, 0x0000000100000000)
  region size 1024K, 4 young (4096K), 4 survivors (4096K)
 Metaspace       used 114099K, committed 115264K, reserved 1179648K
  class space    used 15616K, committed 16192K, reserved 1048576K
}
Event: 399.746 GC heap before
{Heap before GC invocations=64 (full 0):
 garbage-first heap   total 258048K, used 218093K [0x0000000080000000, 0x0000000100000000)
  region size 1024K, 15 young (15360K), 4 survivors (4096K)
 Metaspace       used 114498K, committed 115584K, reserved 1179648K
  class space    used 15663K, committed 16192K, reserved 1048576K
}
Event: 399.749 GC heap after
{Heap after GC invocations=65 (full 0):
 garbage-first heap   total 258048K, used 210310K [0x0000000080000000, 0x0000000100000000)
  region size 1024K, 2 young (2048K), 2 survivors (2048K)
 Metaspace       used 114498K, committed 115584K, reserved 1179648K
  class space    used 15663K, committed 16192K, reserved 1048576K
}
Event: 399.916 GC heap before
{Heap before GC invocations=65 (full 0):
 garbage-first heap   total 258048K, used 219526K [0x0000000080000000, 0x0000000100000000)
  region size 1024K, 12 young (12288K), 2 survivors (2048K)
 Metaspace       used 115964K, committed 117120K, reserved 1179648K
  class space    used 15873K, committed 16448K, reserved 1048576K
}
Event: 399.917 GC heap after
{Heap after GC invocations=66 (full 0):
 garbage-first heap   total 258048K, used 209837K [0x0000000080000000, 0x0000000100000000)
  region size 1024K, 1 young (1024K), 1 survivors (1024K)
 Metaspace       used 115964K, committed 117120K, reserved 1179648K
  class space    used 15873K, committed 16448K, reserved 1048576K
}
Event: 400.113 GC heap before
{Heap before GC invocations=66 (full 0):
 garbage-first heap   total 258048K, used 222125K [0x0000000080000000, 0x0000000100000000)
  region size 1024K, 13 young (13312K), 1 survivors (1024K)
 Metaspace       used 116764K, committed 117888K, reserved 1179648K
  class space    used 15948K, committed 16512K, reserved 1048576K
}
Event: 400.118 GC heap after
{Heap after GC invocations=67 (full 0):
 garbage-first heap   total 258048K, used 215127K [0x0000000080000000, 0x0000000100000000)
  region size 1024K, 2 young (2048K), 2 survivors (2048K)
 Metaspace       used 116764K, committed 117888K, reserved 1179648K
  class space    used 15948K, committed 16512K, reserved 1048576K
}
Event: 400.204 GC heap before
{Heap before GC invocations=67 (full 0):
 garbage-first heap   total 258048K, used 227415K [0x0000000080000000, 0x0000000100000000)
  region size 1024K, 9 young (9216K), 2 survivors (2048K)
 Metaspace       used 116781K, committed 117952K, reserved 1179648K
  class space    used 15949K, committed 16512K, reserved 1048576K
}
Event: 400.208 GC heap after
{Heap after GC invocations=68 (full 0):
 garbage-first heap   total 258048K, used 223436K [0x0000000080000000, 0x0000000100000000)
  region size 1024K, 2 young (2048K), 2 survivors (2048K)
 Metaspace       used 116781K, committed 117952K, reserved 1179648K
  class space    used 15949K, committed 16512K, reserved 1048576K
}
Event: 400.215 GC heap before
{Heap before GC invocations=68 (full 0):
 garbage-first heap   total 258048K, used 231628K [0x0000000080000000, 0x0000000100000000)
  region size 1024K, 3 young (3072K), 2 survivors (2048K)
 Metaspace       used 116781K, committed 117952K, reserved 1179648K
  class space    used 15949K, committed 16512K, reserved 1048576K
}
Event: 400.218 GC heap after
{Heap after GC invocations=69 (full 0):
 garbage-first heap   total 313344K, used 227842K [0x0000000080000000, 0x0000000100000000)
  region size 1024K, 1 young (1024K), 1 survivors (1024K)
 Metaspace       used 116781K, committed 117952K, reserved 1179648K
  class space    used 15949K, committed 16512K, reserved 1048576K
}
Event: 400.220 GC heap before
{Heap before GC invocations=69 (full 0):
 garbage-first heap   total 313344K, used 230914K [0x0000000080000000, 0x0000000100000000)
  region size 1024K, 2 young (2048K), 1 survivors (1024K)
 Metaspace       used 116781K, committed 117952K, reserved 1179648K
  class space    used 15949K, committed 16512K, reserved 1048576K
}
Event: 400.221 GC heap after
{Heap after GC invocations=70 (full 0):
 garbage-first heap   total 313344K, used 227794K [0x0000000080000000, 0x0000000100000000)
  region size 1024K, 1 young (1024K), 1 survivors (1024K)
 Metaspace       used 116781K, committed 117952K, reserved 1179648K
  class space    used 15949K, committed 16512K, reserved 1048576K
}

