# JRE version: OpenJDK Runtime Environment (17.0.10) (build 17.0.10+0--11609105)
# Java VM: OpenJDK 64-Bit Server VM (17.0.10+0--11609105, mixed mode, tiered, compressed oops, compressed class ptrs, g1 gc, windows-amd64)
GC Precious Log:
 CPUs: 12 total, 12 available
 Memory: 16171M
 Large Page Support: Disabled
 NUMA Support: Disabled
 Compressed Oops: Enabled (32-bit)
 Heap Region Size: 1M
 Heap Min Capacity: 8M
 Heap Initial Capacity: 254M
 Heap Max Capacity: 2G
 Pre-touch: Disabled
 Parallel Workers: 10
 Concurrent Workers: 3
 Concurrent Refinement Workers: 10
 Periodic GC: Disabled
Heap:
 garbage-first heap   total 327680K, used 152387K [0x0000000080000000, 0x0000000100000000)
  region size 1024K, 9 young (9216K), 9 survivors (9216K)
 Metaspace       used 134054K, committed 135680K, reserved 1179648K
  class space    used 18627K, committed 19392K, reserved 1048576K
GC Heap History (20 events):
Event: 235.105 GC heap after
{Heap after GC invocations=59 (full 0):
 garbage-first heap   total 327680K, used 137260K [0x0000000080000000, 0x0000000100000000)
  region size 1024K, 2 young (2048K), 2 survivors (2048K)
 Metaspace       used 130917K, committed 132032K, reserved 1179648K
  class space    used 18299K, committed 18816K, reserved 1048576K
}
Event: 237.094 GC heap before
{Heap before GC invocations=59 (full 0):
 garbage-first heap   total 327680K, used 224300K [0x0000000080000000, 0x0000000100000000)
  region size 1024K, 88 young (90112K), 2 survivors (2048K)
 Metaspace       used 131413K, committed 132544K, reserved 1179648K
  class space    used 18317K, committed 18880K, reserved 1048576K
}
Event: 237.100 GC heap after
{Heap after GC invocations=60 (full 0):
 garbage-first heap   total 327680K, used 145661K [0x0000000080000000, 0x0000000100000000)
  region size 1024K, 11 young (11264K), 11 survivors (11264K)
 Metaspace       used 131413K, committed 132544K, reserved 1179648K
  class space    used 18317K, committed 18880K, reserved 1048576K
}
Event: 315.752 GC heap before
{Heap before GC invocations=61 (full 0):
 garbage-first heap   total 327680K, used 276733K [0x0000000080000000, 0x0000000100000000)
  region size 1024K, 129 young (132096K), 11 survivors (11264K)
 Metaspace       used 131796K, committed 132928K, reserved 1179648K
  class space    used 18319K, committed 18880K, reserved 1048576K
}
Event: 315.761 GC heap after
{Heap after GC invocations=62 (full 0):
 garbage-first heap   total 327680K, used 154518K [0x0000000080000000, 0x0000000100000000)
  region size 1024K, 17 young (17408K), 17 survivors (17408K)
 Metaspace       used 131796K, committed 132928K, reserved 1179648K
  class space    used 18319K, committed 18880K, reserved 1048576K
}
Event: 315.770 GC heap before
{Heap before GC invocations=62 (full 0):
 garbage-first heap   total 327680K, used 155542K [0x0000000080000000, 0x0000000100000000)
  region size 1024K, 18 young (18432K), 17 survivors (17408K)
 Metaspace       used 131803K, committed 132928K, reserved 1179648K
  class space    used 18319K, committed 18880K, reserved 1048576K
}
Event: 315.780 GC heap after
{Heap after GC invocations=63 (full 0):
 garbage-first heap   total 327680K, used 152897K [0x0000000080000000, 0x0000000100000000)
  region size 1024K, 1 young (1024K), 1 survivors (1024K)
 Metaspace       used 131803K, committed 132928K, reserved 1179648K
  class space    used 18319K, committed 18880K, reserved 1048576K
}
Event: 315.829 GC heap before
{Heap before GC invocations=63 (full 0):
 garbage-first heap   total 327680K, used 156993K [0x0000000080000000, 0x0000000100000000)
  region size 1024K, 6 young (6144K), 1 survivors (1024K)
 Metaspace       used 131832K, committed 133056K, reserved 1179648K
  class space    used 18320K, committed 18880K, reserved 1048576K
}
Event: 315.830 GC heap after
{Heap after GC invocations=64 (full 0):
 garbage-first heap   total 327680K, used 152725K [0x0000000080000000, 0x0000000100000000)
  region size 1024K, 1 young (1024K), 1 survivors (1024K)
 Metaspace       used 131832K, committed 133056K, reserved 1179648K
  class space    used 18320K, committed 18880K, reserved 1048576K
}
Event: 362.214 GC heap before
{Heap before GC invocations=65 (full 0):
 garbage-first heap   total 327680K, used 280725K [0x0000000080000000, 0x0000000100000000)
  region size 1024K, 116 young (118784K), 1 survivors (1024K)
 Metaspace       used 132816K, committed 134400K, reserved 1179648K
  class space    used 18533K, committed 19264K, reserved 1048576K
}
Event: 362.216 GC heap after
{Heap after GC invocations=66 (full 0):
 garbage-first heap   total 327680K, used 153267K [0x0000000080000000, 0x0000000100000000)
  region size 1024K, 2 young (2048K), 2 survivors (2048K)
 Metaspace       used 132816K, committed 134400K, reserved 1179648K
  class space    used 18533K, committed 19264K, reserved 1048576K
}
Event: 362.265 GC heap before
{Heap before GC invocations=66 (full 0):
 garbage-first heap   total 327680K, used 167603K [0x0000000080000000, 0x0000000100000000)
  region size 1024K, 16 young (16384K), 2 survivors (2048K)
 Metaspace       used 132826K, committed 134400K, reserved 1179648K
  class space    used 18533K, committed 19264K, reserved 1048576K
}
Event: 362.269 GC heap after
{Heap after GC invocations=67 (full 0):
 garbage-first heap   total 327680K, used 140233K [0x0000000080000000, 0x0000000100000000)
  region size 1024K, 2 young (2048K), 2 survivors (2048K)
 Metaspace       used 132826K, committed 134400K, reserved 1179648K
  class space    used 18533K, committed 19264K, reserved 1048576K
}
Event: 525.267 GC heap before
{Heap before GC invocations=67 (full 0):
 garbage-first heap   total 327680K, used 271305K [0x0000000080000000, 0x0000000100000000)
  region size 1024K, 131 young (134144K), 2 survivors (2048K)
 Metaspace       used 133101K, committed 134656K, reserved 1179648K
  class space    used 18533K, committed 19264K, reserved 1048576K
}
Event: 525.275 GC heap after
{Heap after GC invocations=68 (full 0):
 garbage-first heap   total 327680K, used 152313K [0x0000000080000000, 0x0000000100000000)
  region size 1024K, 14 young (14336K), 14 survivors (14336K)
 Metaspace       used 133101K, committed 134656K, reserved 1179648K
  class space    used 18533K, committed 19264K, reserved 1048576K
}
Event: 621.269 GC heap before
{Heap before GC invocations=69 (full 0):
 garbage-first heap   total 327680K, used 279289K [0x0000000080000000, 0x0000000100000000)
  region size 1024K, 128 young (131072K), 14 survivors (14336K)
 Metaspace       used 133733K, committed 135424K, reserved 1179648K
  class space    used 18621K, committed 19392K, reserved 1048576K
}
Event: 621.278 GC heap after
{Heap after GC invocations=70 (full 0):
 garbage-first heap   total 327680K, used 161429K [0x0000000080000000, 0x0000000100000000)
  region size 1024K, 10 young (10240K), 10 survivors (10240K)
 Metaspace       used 133733K, committed 135424K, reserved 1179648K
  class space    used 18621K, committed 19392K, reserved 1048576K
}
Event: 621.309 GC heap before
{Heap before GC invocations=70 (full 0):
 garbage-first heap   total 327680K, used 167573K [0x0000000080000000, 0x0000000100000000)
  region size 1024K, 16 young (16384K), 10 survivors (10240K)
 Metaspace       used 133739K, committed 135424K, reserved 1179648K
  class space    used 18621K, committed 19392K, reserved 1048576K
}
Event: 621.317 GC heap after
{Heap after GC invocations=71 (full 0):
 garbage-first heap   total 327680K, used 146183K [0x0000000080000000, 0x0000000100000000)
  region size 1024K, 2 young (2048K), 2 survivors (2048K)
 Metaspace       used 133739K, committed 135424K, reserved 1179648K
  class space    used 18621K, committed 19392K, reserved 1048576K
}
Event: 623.224 GC heap before
{Heap before GC invocations=71 (full 0):
 garbage-first heap   total 327680K, used 226055K [0x0000000080000000, 0x0000000100000000)
  region size 1024K, 82 young (83968K), 2 survivors (2048K)
 Metaspace       used 134054K, committed 135680K, reserved 1179648K
  class space    used 18627K, committed 19392K, reserved 1048576K
}

