# JRE version: OpenJDK Runtime Environment (17.0.10) (build 17.0.10+0--11609105)
# Java VM: OpenJDK 64-Bit Server VM (17.0.10+0--11609105, mixed mode, tiered, compressed oops, compressed class ptrs, g1 gc, windows-amd64)
GC Precious Log:
 CPUs: 12 total, 12 available
 Memory: 16171M
 Large Page Support: Disabled
 NUMA Support: Disabled
 Compressed Oops: Enabled (Zero based)
 Heap Region Size: 2M
 Heap Min Capacity: 8M
 Heap Initial Capacity: 254M
 Heap Max Capacity: 4044M
 Pre-touch: Disabled
 Parallel Workers: 10
 Concurrent Workers: 3
 Concurrent Refinement Workers: 10
 Periodic GC: Disabled
Heap:
 garbage-first heap   total 129024K, used 80019K [0x0000000703400000, 0x0000000800000000)
  region size 2048K, 11 young (22528K), 2 survivors (4096K)
 Metaspace       used 79218K, committed 79488K, reserved 1179648K
  class space    used 8888K, committed 8960K, reserved 1048576K
GC Heap History (20 events):
Event: 2.509 GC heap before
{Heap before GC invocations=11 (full 0):
 garbage-first heap   total 75776K, used 51944K [0x0000000703400000, 0x0000000800000000)
  region size 2048K, 15 young (30720K), 2 survivors (4096K)
 Metaspace       used 49585K, committed 49792K, reserved 1114112K
  class space    used 5999K, committed 6080K, reserved 1048576K
}
Event: 2.516 GC heap after
{Heap after GC invocations=12 (full 0):
 garbage-first heap   total 75776K, used 31286K [0x0000000703400000, 0x0000000800000000)
  region size 2048K, 2 young (4096K), 2 survivors (4096K)
 Metaspace       used 49585K, committed 49792K, reserved 1114112K
  class space    used 5999K, committed 6080K, reserved 1048576K
}
Event: 2.905 GC heap before
{Heap before GC invocations=12 (full 0):
 garbage-first heap   total 75776K, used 55862K [0x0000000703400000, 0x0000000800000000)
  region size 2048K, 14 young (28672K), 2 survivors (4096K)
 Metaspace       used 52335K, committed 52544K, reserved 1114112K
  class space    used 6243K, committed 6336K, reserved 1048576K
}
Event: 2.916 GC heap after
{Heap after GC invocations=13 (full 0):
 garbage-first heap   total 92160K, used 35585K [0x0000000703400000, 0x0000000800000000)
  region size 2048K, 2 young (4096K), 2 survivors (4096K)
 Metaspace       used 52335K, committed 52544K, reserved 1114112K
  class space    used 6243K, committed 6336K, reserved 1048576K
}
Event: 3.247 GC heap before
{Heap before GC invocations=13 (full 0):
 garbage-first heap   total 92160K, used 68353K [0x0000000703400000, 0x0000000800000000)
  region size 2048K, 18 young (36864K), 2 survivors (4096K)
 Metaspace       used 52983K, committed 53184K, reserved 1114112K
  class space    used 6266K, committed 6336K, reserved 1048576K
}
Event: 3.261 GC heap after
{Heap after GC invocations=14 (full 0):
 garbage-first heap   total 92160K, used 41776K [0x0000000703400000, 0x0000000800000000)
  region size 2048K, 3 young (6144K), 3 survivors (6144K)
 Metaspace       used 52983K, committed 53184K, reserved 1114112K
  class space    used 6266K, committed 6336K, reserved 1048576K
}
Event: 3.449 GC heap before
{Heap before GC invocations=14 (full 0):
 garbage-first heap   total 92160K, used 68400K [0x0000000703400000, 0x0000000800000000)
  region size 2048K, 16 young (32768K), 3 survivors (6144K)
 Metaspace       used 54505K, committed 54784K, reserved 1114112K
  class space    used 6468K, committed 6592K, reserved 1048576K
}
Event: 3.461 GC heap after
{Heap after GC invocations=15 (full 0):
 garbage-first heap   total 92160K, used 43697K [0x0000000703400000, 0x0000000800000000)
  region size 2048K, 1 young (2048K), 1 survivors (2048K)
 Metaspace       used 54505K, committed 54784K, reserved 1114112K
  class space    used 6468K, committed 6592K, reserved 1048576K
}
Event: 3.971 GC heap before
{Heap before GC invocations=15 (full 0):
 garbage-first heap   total 92160K, used 70321K [0x0000000703400000, 0x0000000800000000)
  region size 2048K, 14 young (28672K), 1 survivors (2048K)
 Metaspace       used 56760K, committed 56960K, reserved 1114112K
  class space    used 6689K, committed 6784K, reserved 1048576K
}
Event: 3.979 GC heap after
{Heap after GC invocations=16 (full 0):
 garbage-first heap   total 92160K, used 48446K [0x0000000703400000, 0x0000000800000000)
  region size 2048K, 2 young (4096K), 2 survivors (4096K)
 Metaspace       used 56760K, committed 56960K, reserved 1114112K
  class space    used 6689K, committed 6784K, reserved 1048576K
}
Event: 4.357 GC heap before
{Heap before GC invocations=17 (full 0):
 garbage-first heap   total 92160K, used 68926K [0x0000000703400000, 0x0000000800000000)
  region size 2048K, 12 young (24576K), 2 survivors (4096K)
 Metaspace       used 58519K, committed 58816K, reserved 1114112K
  class space    used 6839K, committed 6976K, reserved 1048576K
}
Event: 4.367 GC heap after
{Heap after GC invocations=18 (full 0):
 garbage-first heap   total 92160K, used 51437K [0x0000000703400000, 0x0000000800000000)
  region size 2048K, 2 young (4096K), 2 survivors (4096K)
 Metaspace       used 58519K, committed 58816K, reserved 1114112K
  class space    used 6839K, committed 6976K, reserved 1048576K
}
Event: 4.682 GC heap before
{Heap before GC invocations=18 (full 0):
 garbage-first heap   total 92160K, used 69869K [0x0000000703400000, 0x0000000800000000)
  region size 2048K, 11 young (22528K), 2 survivors (4096K)
 Metaspace       used 61870K, committed 62144K, reserved 1114112K
  class space    used 7187K, committed 7296K, reserved 1048576K
}
Event: 4.689 GC heap after
{Heap after GC invocations=19 (full 0):
 garbage-first heap   total 129024K, used 53187K [0x0000000703400000, 0x0000000800000000)
  region size 2048K, 1 young (2048K), 1 survivors (2048K)
 Metaspace       used 61870K, committed 62144K, reserved 1114112K
  class space    used 7187K, committed 7296K, reserved 1048576K
}
Event: 5.346 GC heap before
{Heap before GC invocations=20 (full 0):
 garbage-first heap   total 129024K, used 96195K [0x0000000703400000, 0x0000000800000000)
  region size 2048K, 22 young (45056K), 1 survivors (2048K)
 Metaspace       used 69014K, committed 69248K, reserved 1114112K
  class space    used 7901K, committed 8000K, reserved 1048576K
}
Event: 5.352 GC heap after
{Heap after GC invocations=21 (full 0):
 garbage-first heap   total 129024K, used 56807K [0x0000000703400000, 0x0000000800000000)
  region size 2048K, 3 young (6144K), 3 survivors (6144K)
 Metaspace       used 69014K, committed 69248K, reserved 1114112K
  class space    used 7901K, committed 8000K, reserved 1048576K
}
Event: 5.790 GC heap before
{Heap before GC invocations=21 (full 0):
 garbage-first heap   total 129024K, used 95719K [0x0000000703400000, 0x0000000800000000)
  region size 2048K, 22 young (45056K), 3 survivors (6144K)
 Metaspace       used 74318K, committed 74560K, reserved 1179648K
  class space    used 8491K, committed 8576K, reserved 1048576K
}
Event: 5.799 GC heap after
{Heap after GC invocations=22 (full 0):
 garbage-first heap   total 129024K, used 61446K [0x0000000703400000, 0x0000000800000000)
  region size 2048K, 3 young (6144K), 3 survivors (6144K)
 Metaspace       used 74318K, committed 74560K, reserved 1179648K
  class space    used 8491K, committed 8576K, reserved 1048576K
}
Event: 6.204 GC heap before
{Heap before GC invocations=22 (full 0):
 garbage-first heap   total 129024K, used 96262K [0x0000000703400000, 0x0000000800000000)
  region size 2048K, 20 young (40960K), 3 survivors (6144K)
 Metaspace       used 77733K, committed 78016K, reserved 1179648K
  class space    used 8782K, committed 8896K, reserved 1048576K
}
Event: 6.210 GC heap after
{Heap after GC invocations=23 (full 0):
 garbage-first heap   total 129024K, used 63635K [0x0000000703400000, 0x0000000800000000)
  region size 2048K, 2 young (4096K), 2 survivors (4096K)
 Metaspace       used 77733K, committed 78016K, reserved 1179648K
  class space    used 8782K, committed 8896K, reserved 1048576K
}

