# JRE version: OpenJDK Runtime Environment (17.0.10) (build 17.0.10+0--11609105)
# Java VM: OpenJDK 64-Bit Server VM (17.0.10+0--11609105, mixed mode, tiered, compressed oops, compressed class ptrs, g1 gc, windows-amd64)
GC Precious Log:
 CPUs: 12 total, 12 available
 Memory: 16171M
 Large Page Support: Disabled
 NUMA Support: Disabled
 Compressed Oops: Enabled (32-bit)
 Heap Region Size: 1M
 Heap Min Capacity: 8M
 Heap Initial Capacity: 254M
 Heap Max Capacity: 2G
 Pre-touch: Disabled
 Parallel Workers: 10
 Concurrent Workers: 3
 Concurrent Refinement Workers: 10
 Periodic GC: Disabled
Heap:
 garbage-first heap   total 209920K, used 122981K [0x0000000080000000, 0x0000000100000000)
  region size 1024K, 2 young (2048K), 2 survivors (2048K)
 Metaspace       used 87930K, committed 88704K, reserved 1179648K
  class space    used 11968K, committed 12352K, reserved 1048576K
GC Heap History (20 events):
Event: 5.984 GC heap after
{Heap after GC invocations=31 (full 0):
 garbage-first heap   total 160768K, used 101104K [0x0000000080000000, 0x0000000100000000)
  region size 1024K, 1 young (1024K), 1 survivors (1024K)
 Metaspace       used 64783K, committed 65472K, reserved 1114112K
  class space    used 8857K, committed 9152K, reserved 1048576K
}
Event: 6.191 GC heap before
{Heap before GC invocations=31 (full 0):
 garbage-first heap   total 160768K, used 129776K [0x0000000080000000, 0x0000000100000000)
  region size 1024K, 30 young (30720K), 1 survivors (1024K)
 Metaspace       used 67558K, committed 68288K, reserved 1114112K
  class space    used 9161K, committed 9472K, reserved 1048576K
}
Event: 6.192 GC heap after
{Heap after GC invocations=32 (full 0):
 garbage-first heap   total 160768K, used 101439K [0x0000000080000000, 0x0000000100000000)
  region size 1024K, 1 young (1024K), 1 survivors (1024K)
 Metaspace       used 67558K, committed 68288K, reserved 1114112K
  class space    used 9161K, committed 9472K, reserved 1048576K
}
Event: 6.506 GC heap before
{Heap before GC invocations=33 (full 0):
 garbage-first heap   total 178176K, used 133183K [0x0000000080000000, 0x0000000100000000)
  region size 1024K, 32 young (32768K), 1 survivors (1024K)
 Metaspace       used 71307K, committed 72064K, reserved 1114112K
  class space    used 9684K, committed 10048K, reserved 1048576K
}
Event: 6.509 GC heap after
{Heap after GC invocations=34 (full 0):
 garbage-first heap   total 178176K, used 103759K [0x0000000080000000, 0x0000000100000000)
  region size 1024K, 4 young (4096K), 4 survivors (4096K)
 Metaspace       used 71307K, committed 72064K, reserved 1114112K
  class space    used 9684K, committed 10048K, reserved 1048576K
}
Event: 6.543 GC heap before
{Heap before GC invocations=34 (full 0):
 garbage-first heap   total 178176K, used 107855K [0x0000000080000000, 0x0000000100000000)
  region size 1024K, 8 young (8192K), 4 survivors (4096K)
 Metaspace       used 71618K, committed 72320K, reserved 1114112K
  class space    used 9720K, committed 10048K, reserved 1048576K
}
Event: 6.546 GC heap after
{Heap after GC invocations=35 (full 0):
 garbage-first heap   total 178176K, used 105013K [0x0000000080000000, 0x0000000100000000)
  region size 1024K, 1 young (1024K), 1 survivors (1024K)
 Metaspace       used 71618K, committed 72320K, reserved 1114112K
  class space    used 9720K, committed 10048K, reserved 1048576K
}
Event: 6.810 GC heap before
{Heap before GC invocations=35 (full 0):
 garbage-first heap   total 178176K, used 149045K [0x0000000080000000, 0x0000000100000000)
  region size 1024K, 40 young (40960K), 1 survivors (1024K)
 Metaspace       used 73861K, committed 74624K, reserved 1114112K
  class space    used 10035K, committed 10368K, reserved 1048576K
}
Event: 6.812 GC heap after
{Heap after GC invocations=36 (full 0):
 garbage-first heap   total 178176K, used 107996K [0x0000000080000000, 0x0000000100000000)
  region size 1024K, 4 young (4096K), 4 survivors (4096K)
 Metaspace       used 73861K, committed 74624K, reserved 1114112K
  class space    used 10035K, committed 10368K, reserved 1048576K
}
Event: 7.158 GC heap before
{Heap before GC invocations=37 (full 0):
 garbage-first heap   total 186368K, used 145884K [0x0000000080000000, 0x0000000100000000)
  region size 1024K, 41 young (41984K), 4 survivors (4096K)
 Metaspace       used 77499K, committed 78272K, reserved 1179648K
  class space    used 10519K, committed 10880K, reserved 1048576K
}
Event: 7.160 GC heap after
{Heap after GC invocations=38 (full 0):
 garbage-first heap   total 186368K, used 110115K [0x0000000080000000, 0x0000000100000000)
  region size 1024K, 5 young (5120K), 5 survivors (5120K)
 Metaspace       used 77499K, committed 78272K, reserved 1179648K
  class space    used 10519K, committed 10880K, reserved 1048576K
}
Event: 7.186 GC heap before
{Heap before GC invocations=38 (full 0):
 garbage-first heap   total 186368K, used 118307K [0x0000000080000000, 0x0000000100000000)
  region size 1024K, 9 young (9216K), 5 survivors (5120K)
 Metaspace       used 77667K, committed 78400K, reserved 1179648K
  class space    used 10539K, committed 10880K, reserved 1048576K
}
Event: 7.188 GC heap after
{Heap after GC invocations=39 (full 0):
 garbage-first heap   total 186368K, used 114749K [0x0000000080000000, 0x0000000100000000)
  region size 1024K, 2 young (2048K), 2 survivors (2048K)
 Metaspace       used 77667K, committed 78400K, reserved 1179648K
  class space    used 10539K, committed 10880K, reserved 1048576K
}
Event: 7.452 GC heap before
{Heap before GC invocations=39 (full 0):
 garbage-first heap   total 186368K, used 153661K [0x0000000080000000, 0x0000000100000000)
  region size 1024K, 40 young (40960K), 2 survivors (2048K)
 Metaspace       used 81624K, committed 82432K, reserved 1179648K
  class space    used 11091K, committed 11456K, reserved 1048576K
}
Event: 7.454 GC heap after
{Heap after GC invocations=40 (full 0):
 garbage-first heap   total 186368K, used 115585K [0x0000000080000000, 0x0000000100000000)
  region size 1024K, 2 young (2048K), 2 survivors (2048K)
 Metaspace       used 81624K, committed 82432K, reserved 1179648K
  class space    used 11091K, committed 11456K, reserved 1048576K
}
Event: 7.732 GC heap before
{Heap before GC invocations=40 (full 0):
 garbage-first heap   total 186368K, used 155521K [0x0000000080000000, 0x0000000100000000)
  region size 1024K, 41 young (41984K), 2 survivors (2048K)
 Metaspace       used 84516K, committed 85248K, reserved 1179648K
  class space    used 11496K, committed 11840K, reserved 1048576K
}
Event: 7.735 GC heap after
{Heap after GC invocations=41 (full 0):
 garbage-first heap   total 186368K, used 117611K [0x0000000080000000, 0x0000000100000000)
  region size 1024K, 4 young (4096K), 4 survivors (4096K)
 Metaspace       used 84516K, committed 85248K, reserved 1179648K
  class space    used 11496K, committed 11840K, reserved 1048576K
}
Event: 7.979 GC heap before
{Heap before GC invocations=41 (full 0):
 garbage-first heap   total 186368K, used 156523K [0x0000000080000000, 0x0000000100000000)
  region size 1024K, 43 young (44032K), 4 survivors (4096K)
 Metaspace       used 85700K, committed 86464K, reserved 1179648K
  class space    used 11648K, committed 12032K, reserved 1048576K
}
Event: 7.983 GC heap after
{Heap after GC invocations=42 (full 0):
 garbage-first heap   total 186368K, used 121416K [0x0000000080000000, 0x0000000100000000)
  region size 1024K, 6 young (6144K), 6 survivors (6144K)
 Metaspace       used 85700K, committed 86464K, reserved 1179648K
  class space    used 11648K, committed 12032K, reserved 1048576K
}
Event: 8.233 GC heap before
{Heap before GC invocations=42 (full 0):
 garbage-first heap   total 186368K, used 158280K [0x0000000080000000, 0x0000000100000000)
  region size 1024K, 41 young (41984K), 6 survivors (6144K)
 Metaspace       used 87930K, committed 88704K, reserved 1179648K
  class space    used 11968K, committed 12352K, reserved 1048576K
}

