# JRE version: OpenJDK Runtime Environment (17.0.10) (build 17.0.10+0--11609105)
# Java VM: OpenJDK 64-Bit Server VM (17.0.10+0--11609105, mixed mode, tiered, compressed oops, compressed class ptrs, g1 gc, windows-amd64)
GC Precious Log:
 CPUs: 12 total, 12 available
 Memory: 16171M
 Large Page Support: Disabled
 NUMA Support: Disabled
 Compressed Oops: Enabled (32-bit)
 Heap Region Size: 1M
 Heap Min Capacity: 8M
 Heap Initial Capacity: 254M
 Heap Max Capacity: 2G
 Pre-touch: Disabled
 Parallel Workers: 10
 Concurrent Workers: 3
 Concurrent Refinement Workers: 10
 Periodic GC: Disabled
Heap:
 garbage-first heap   total 326656K, used 223688K [0x0000000080000000, 0x0000000100000000)
  region size 1024K, 2 young (2048K), 2 survivors (2048K)
 Metaspace       used 114847K, committed 115648K, reserved 1179648K
  class space    used 16321K, committed 16704K, reserved 1048576K
GC Heap History (20 events):
Event: 9.734 GC heap after
{Heap after GC invocations=39 (full 0):
 garbage-first heap   total 201728K, used 109841K [0x0000000080000000, 0x0000000100000000)
  region size 1024K, 7 young (7168K), 7 survivors (7168K)
 Metaspace       used 101734K, committed 102528K, reserved 1179648K
  class space    used 14275K, committed 14656K, reserved 1048576K
}
Event: 9.930 GC heap before
{Heap before GC invocations=39 (full 0):
 garbage-first heap   total 201728K, used 169233K [0x0000000080000000, 0x0000000100000000)
  region size 1024K, 61 young (62464K), 7 survivors (7168K)
 Metaspace       used 103374K, committed 104128K, reserved 1179648K
  class space    used 14424K, committed 14784K, reserved 1048576K
}
Event: 9.935 GC heap after
{Heap after GC invocations=40 (full 0):
 garbage-first heap   total 201728K, used 112622K [0x0000000080000000, 0x0000000100000000)
  region size 1024K, 6 young (6144K), 6 survivors (6144K)
 Metaspace       used 103374K, committed 104128K, reserved 1179648K
  class space    used 14424K, committed 14784K, reserved 1048576K
}
Event: 10.089 GC heap before
{Heap before GC invocations=40 (full 0):
 garbage-first heap   total 201728K, used 164846K [0x0000000080000000, 0x0000000100000000)
  region size 1024K, 58 young (59392K), 6 survivors (6144K)
 Metaspace       used 104108K, committed 104896K, reserved 1179648K
  class space    used 14518K, committed 14912K, reserved 1048576K
}
Event: 10.093 GC heap after
{Heap after GC invocations=41 (full 0):
 garbage-first heap   total 201728K, used 115435K [0x0000000080000000, 0x0000000100000000)
  region size 1024K, 6 young (6144K), 6 survivors (6144K)
 Metaspace       used 104108K, committed 104896K, reserved 1179648K
  class space    used 14518K, committed 14912K, reserved 1048576K
}
Event: 10.222 GC heap before
{Heap before GC invocations=41 (full 0):
 garbage-first heap   total 201728K, used 151275K [0x0000000080000000, 0x0000000100000000)
  region size 1024K, 32 young (32768K), 6 survivors (6144K)
 Metaspace       used 105454K, committed 106176K, reserved 1179648K
  class space    used 14682K, committed 15040K, reserved 1048576K
}
Event: 10.225 GC heap after
{Heap after GC invocations=42 (full 0):
 garbage-first heap   total 201728K, used 131334K [0x0000000080000000, 0x0000000100000000)
  region size 1024K, 6 young (6144K), 6 survivors (6144K)
 Metaspace       used 105454K, committed 106176K, reserved 1179648K
  class space    used 14682K, committed 15040K, reserved 1048576K
}
Event: 10.459 GC heap before
{Heap before GC invocations=43 (full 0):
 garbage-first heap   total 227328K, used 192774K [0x0000000080000000, 0x0000000100000000)
  region size 1024K, 39 young (39936K), 6 survivors (6144K)
 Metaspace       used 107788K, committed 108480K, reserved 1179648K
  class space    used 15086K, committed 15424K, reserved 1048576K
}
Event: 10.462 GC heap after
{Heap after GC invocations=44 (full 0):
 garbage-first heap   total 227328K, used 148266K [0x0000000080000000, 0x0000000100000000)
  region size 1024K, 5 young (5120K), 5 survivors (5120K)
 Metaspace       used 107788K, committed 108480K, reserved 1179648K
  class space    used 15086K, committed 15424K, reserved 1048576K
}
Event: 10.498 GC heap before
{Heap before GC invocations=44 (full 0):
 garbage-first heap   total 227328K, used 154410K [0x0000000080000000, 0x0000000100000000)
  region size 1024K, 11 young (11264K), 5 survivors (5120K)
 Metaspace       used 107833K, committed 108544K, reserved 1179648K
  class space    used 15087K, committed 15424K, reserved 1048576K
}
Event: 10.501 GC heap after
{Heap after GC invocations=45 (full 0):
 garbage-first heap   total 273408K, used 148942K [0x0000000080000000, 0x0000000100000000)
  region size 1024K, 2 young (2048K), 2 survivors (2048K)
 Metaspace       used 107833K, committed 108544K, reserved 1179648K
  class space    used 15087K, committed 15424K, reserved 1048576K
}
Event: 10.854 GC heap before
{Heap before GC invocations=45 (full 0):
 garbage-first heap   total 273408K, used 221646K [0x0000000080000000, 0x0000000100000000)
  region size 1024K, 71 young (72704K), 2 survivors (2048K)
 Metaspace       used 110546K, committed 111360K, reserved 1179648K
  class space    used 15702K, committed 16128K, reserved 1048576K
}
Event: 10.869 GC heap after
{Heap after GC invocations=46 (full 0):
 garbage-first heap   total 273408K, used 172400K [0x0000000080000000, 0x0000000100000000)
  region size 1024K, 9 young (9216K), 9 survivors (9216K)
 Metaspace       used 110546K, committed 111360K, reserved 1179648K
  class space    used 15702K, committed 16128K, reserved 1048576K
}
Event: 11.007 GC heap before
{Heap before GC invocations=47 (full 0):
 garbage-first heap   total 326656K, used 217456K [0x0000000080000000, 0x0000000100000000)
  region size 1024K, 54 young (55296K), 9 survivors (9216K)
 Metaspace       used 110754K, committed 111616K, reserved 1179648K
  class space    used 15712K, committed 16128K, reserved 1048576K
}
Event: 11.028 GC heap after
{Heap after GC invocations=48 (full 0):
 garbage-first heap   total 326656K, used 195583K [0x0000000080000000, 0x0000000100000000)
  region size 1024K, 7 young (7168K), 7 survivors (7168K)
 Metaspace       used 110754K, committed 111616K, reserved 1179648K
  class space    used 15712K, committed 16128K, reserved 1048576K
}
Event: 11.047 GC heap before
{Heap before GC invocations=48 (full 0):
 garbage-first heap   total 326656K, used 203775K [0x0000000080000000, 0x0000000100000000)
  region size 1024K, 15 young (15360K), 7 survivors (7168K)
 Metaspace       used 110773K, committed 111616K, reserved 1179648K
  class space    used 15712K, committed 16128K, reserved 1048576K
}
Event: 11.056 GC heap after
{Heap after GC invocations=49 (full 0):
 garbage-first heap   total 326656K, used 199068K [0x0000000080000000, 0x0000000100000000)
  region size 1024K, 2 young (2048K), 2 survivors (2048K)
 Metaspace       used 110773K, committed 111616K, reserved 1179648K
  class space    used 15712K, committed 16128K, reserved 1048576K
}
Event: 11.264 GC heap before
{Heap before GC invocations=49 (full 0):
 garbage-first heap   total 326656K, used 250268K [0x0000000080000000, 0x0000000100000000)
  region size 1024K, 52 young (53248K), 2 survivors (2048K)
 Metaspace       used 111963K, committed 112832K, reserved 1179648K
  class space    used 15890K, committed 16320K, reserved 1048576K
}
Event: 11.276 GC heap after
{Heap after GC invocations=50 (full 0):
 garbage-first heap   total 326656K, used 220960K [0x0000000080000000, 0x0000000100000000)
  region size 1024K, 7 young (7168K), 7 survivors (7168K)
 Metaspace       used 111963K, committed 112832K, reserved 1179648K
  class space    used 15890K, committed 16320K, reserved 1048576K
}
Event: 11.576 GC heap before
{Heap before GC invocations=50 (full 0):
 garbage-first heap   total 326656K, used 256800K [0x0000000080000000, 0x0000000100000000)
  region size 1024K, 43 young (44032K), 7 survivors (7168K)
 Metaspace       used 114847K, committed 115648K, reserved 1179648K
  class space    used 16321K, committed 16704K, reserved 1048576K
}

