# JRE version: OpenJDK Runtime Environment (17.0.10) (build 17.0.10+0--11609105)
# Java VM: OpenJDK 64-Bit Server VM (17.0.10+0--11609105, mixed mode, tiered, compressed oops, compressed class ptrs, g1 gc, windows-amd64)
GC Precious Log:
 CPUs: 12 total, 12 available
 Memory: 16171M
 Large Page Support: Disabled
 NUMA Support: Disabled
 Compressed Oops: Enabled (32-bit)
 Heap Region Size: 1M
 Heap Min Capacity: 8M
 Heap Initial Capacity: 254M
 Heap Max Capacity: 2G
 Pre-touch: Disabled
 Parallel Workers: 10
 Concurrent Workers: 3
 Concurrent Refinement Workers: 10
 Periodic GC: Disabled
Heap:
 garbage-first heap   total 276480K, used 154670K [0x0000000080000000, 0x0000000100000000)
  region size 1024K, 6 young (6144K), 6 survivors (6144K)
 Metaspace       used 118176K, committed 119168K, reserved 1179648K
  class space    used 16169K, committed 16640K, reserved 1048576K
GC Heap History (20 events):
Event: 10.586 GC heap after
{Heap after GC invocations=38 (full 0):
 garbage-first heap   total 229376K, used 114503K [0x0000000080000000, 0x0000000100000000)
  region size 1024K, 5 young (5120K), 5 survivors (5120K)
 Metaspace       used 102247K, committed 103040K, reserved 1179648K
  class space    used 14304K, committed 14656K, reserved 1048576K
}
Event: 10.810 GC heap before
{Heap before GC invocations=38 (full 0):
 garbage-first heap   total 229376K, used 187207K [0x0000000080000000, 0x0000000100000000)
  region size 1024K, 77 young (78848K), 5 survivors (5120K)
 Metaspace       used 102584K, committed 103360K, reserved 1179648K
  class space    used 14367K, committed 14720K, reserved 1048576K
}
Event: 10.813 GC heap after
{Heap after GC invocations=39 (full 0):
 garbage-first heap   total 229376K, used 116301K [0x0000000080000000, 0x0000000100000000)
  region size 1024K, 7 young (7168K), 7 survivors (7168K)
 Metaspace       used 102584K, committed 103360K, reserved 1179648K
  class space    used 14367K, committed 14720K, reserved 1048576K
}
Event: 11.275 GC heap before
{Heap before GC invocations=39 (full 0):
 garbage-first heap   total 229376K, used 187981K [0x0000000080000000, 0x0000000100000000)
  region size 1024K, 78 young (79872K), 7 survivors (7168K)
 Metaspace       used 106167K, committed 106944K, reserved 1179648K
  class space    used 14818K, committed 15168K, reserved 1048576K
}
Event: 11.281 GC heap after
{Heap after GC invocations=40 (full 0):
 garbage-first heap   total 229376K, used 120531K [0x0000000080000000, 0x0000000100000000)
  region size 1024K, 9 young (9216K), 9 survivors (9216K)
 Metaspace       used 106167K, committed 106944K, reserved 1179648K
  class space    used 14818K, committed 15168K, reserved 1048576K
}
Event: 11.435 GC heap before
{Heap before GC invocations=40 (full 0):
 garbage-first heap   total 229376K, used 188115K [0x0000000080000000, 0x0000000100000000)
  region size 1024K, 76 young (77824K), 9 survivors (9216K)
 Metaspace       used 106840K, committed 107712K, reserved 1179648K
  class space    used 14931K, committed 15360K, reserved 1048576K
}
Event: 11.441 GC heap after
{Heap after GC invocations=41 (full 0):
 garbage-first heap   total 229376K, used 122916K [0x0000000080000000, 0x0000000100000000)
  region size 1024K, 5 young (5120K), 5 survivors (5120K)
 Metaspace       used 106840K, committed 107712K, reserved 1179648K
  class space    used 14931K, committed 15360K, reserved 1048576K
}
Event: 172.560 GC heap before
{Heap before GC invocations=41 (full 0):
 garbage-first heap   total 229376K, used 188452K [0x0000000080000000, 0x0000000100000000)
  region size 1024K, 70 young (71680K), 5 survivors (5120K)
 Metaspace       used 108412K, committed 109312K, reserved 1179648K
  class space    used 15172K, committed 15616K, reserved 1048576K
}
Event: 172.563 GC heap after
{Heap after GC invocations=42 (full 0):
 garbage-first heap   total 229376K, used 124017K [0x0000000080000000, 0x0000000100000000)
  region size 1024K, 6 young (6144K), 6 survivors (6144K)
 Metaspace       used 108412K, committed 109312K, reserved 1179648K
  class space    used 15172K, committed 15616K, reserved 1048576K
}
Event: 173.100 GC heap before
{Heap before GC invocations=42 (full 0):
 garbage-first heap   total 229376K, used 188529K [0x0000000080000000, 0x0000000100000000)
  region size 1024K, 70 young (71680K), 6 survivors (6144K)
 Metaspace       used 109062K, committed 110016K, reserved 1179648K
  class space    used 15204K, committed 15680K, reserved 1048576K
}
Event: 173.107 GC heap after
{Heap after GC invocations=43 (full 0):
 garbage-first heap   total 229376K, used 133144K [0x0000000080000000, 0x0000000100000000)
  region size 1024K, 9 young (9216K), 9 survivors (9216K)
 Metaspace       used 109062K, committed 110016K, reserved 1179648K
  class space    used 15204K, committed 15680K, reserved 1048576K
}
Event: 173.562 GC heap before
{Heap before GC invocations=43 (full 0):
 garbage-first heap   total 229376K, used 194584K [0x0000000080000000, 0x0000000100000000)
  region size 1024K, 62 young (63488K), 9 survivors (9216K)
 Metaspace       used 111939K, committed 112832K, reserved 1179648K
  class space    used 15442K, committed 15872K, reserved 1048576K
}
Event: 173.572 GC heap after
{Heap after GC invocations=44 (full 0):
 garbage-first heap   total 229376K, used 153694K [0x0000000080000000, 0x0000000100000000)
  region size 1024K, 8 young (8192K), 8 survivors (8192K)
 Metaspace       used 111939K, committed 112832K, reserved 1179648K
  class space    used 15442K, committed 15872K, reserved 1048576K
}
Event: 173.983 GC heap before
{Heap before GC invocations=44 (full 0):
 garbage-first heap   total 229376K, used 182366K [0x0000000080000000, 0x0000000100000000)
  region size 1024K, 36 young (36864K), 8 survivors (8192K)
 Metaspace       used 114390K, committed 115328K, reserved 1179648K
  class space    used 15745K, committed 16192K, reserved 1048576K
}
Event: 173.988 GC heap after
{Heap after GC invocations=45 (full 0):
 garbage-first heap   total 229376K, used 157175K [0x0000000080000000, 0x0000000100000000)
  region size 1024K, 3 young (3072K), 3 survivors (3072K)
 Metaspace       used 114390K, committed 115328K, reserved 1179648K
  class space    used 15745K, committed 16192K, reserved 1048576K
}
Event: 174.280 GC heap before
{Heap before GC invocations=46 (full 0):
 garbage-first heap   total 276480K, used 213495K [0x0000000080000000, 0x0000000100000000)
  region size 1024K, 31 young (31744K), 3 survivors (3072K)
 Metaspace       used 115754K, committed 116736K, reserved 1179648K
  class space    used 15890K, committed 16384K, reserved 1048576K
}
Event: 174.284 GC heap after
{Heap after GC invocations=47 (full 0):
 garbage-first heap   total 276480K, used 160768K [0x0000000080000000, 0x0000000100000000)
  region size 1024K, 4 young (4096K), 4 survivors (4096K)
 Metaspace       used 115754K, committed 116736K, reserved 1179648K
  class space    used 15890K, committed 16384K, reserved 1048576K
}
Event: 174.310 GC heap before
{Heap before GC invocations=47 (full 0):
 garbage-first heap   total 276480K, used 168960K [0x0000000080000000, 0x0000000100000000)
  region size 1024K, 13 young (13312K), 4 survivors (4096K)
 Metaspace       used 116296K, committed 117248K, reserved 1179648K
  class space    used 15941K, committed 16448K, reserved 1048576K
}
Event: 174.319 GC heap after
{Heap after GC invocations=48 (full 0):
 garbage-first heap   total 276480K, used 150331K [0x0000000080000000, 0x0000000100000000)
  region size 1024K, 1 young (1024K), 1 survivors (1024K)
 Metaspace       used 116296K, committed 117248K, reserved 1179648K
  class space    used 15941K, committed 16448K, reserved 1048576K
}
Event: 174.735 GC heap before
{Heap before GC invocations=48 (full 0):
 garbage-first heap   total 276480K, used 211771K [0x0000000080000000, 0x0000000100000000)
  region size 1024K, 62 young (63488K), 1 survivors (1024K)
 Metaspace       used 118176K, committed 119168K, reserved 1179648K
  class space    used 16169K, committed 16640K, reserved 1048576K
}

