# JRE version: OpenJDK Runtime Environment (17.0.10) (build 17.0.10+0--11609105)
# Java VM: OpenJDK 64-Bit Server VM (17.0.10+0--11609105, mixed mode, tiered, compressed oops, compressed class ptrs, g1 gc, windows-amd64)
GC Precious Log:
 CPUs: 12 total, 12 available
 Memory: 16171M
 Large Page Support: Disabled
 NUMA Support: Disabled
 Compressed Oops: Enabled (32-bit)
 Heap Region Size: 1M
 Heap Min Capacity: 8M
 Heap Initial Capacity: 254M
 Heap Max Capacity: 2G
 Pre-touch: Disabled
 Parallel Workers: 10
 Concurrent Workers: 3
 Concurrent Refinement Workers: 10
 Periodic GC: Disabled
Heap:
 garbage-first heap   total 530432K, used 217749K [0x0000000080000000, 0x0000000100000000)
  region size 1024K, 28 young (28672K), 11 survivors (11264K)
 Metaspace       used 174091K, committed 174976K, reserved 1245184K
  class space    used 22493K, committed 22912K, reserved 1048576K
GC Heap History (20 events):
Event: 14.249 GC heap before
{Heap before GC invocations=52 (full 0):
 garbage-first heap   total 186368K, used 159730K [0x0000000080000000, 0x0000000100000000)
  region size 1024K, 34 young (34816K), 4 survivors (4096K)
 Metaspace       used 142391K, committed 143168K, reserved 1179648K
  class space    used 18344K, committed 18688K, reserved 1048576K
}
Event: 14.253 GC heap after
{Heap after GC invocations=53 (full 0):
 garbage-first heap   total 186368K, used 131730K [0x0000000080000000, 0x0000000100000000)
  region size 1024K, 5 young (5120K), 5 survivors (5120K)
 Metaspace       used 142391K, committed 143168K, reserved 1179648K
  class space    used 18344K, committed 18688K, reserved 1048576K
}
Event: 14.372 GC heap before
{Heap before GC invocations=53 (full 0):
 garbage-first heap   total 186368K, used 164498K [0x0000000080000000, 0x0000000100000000)
  region size 1024K, 30 young (30720K), 5 survivors (5120K)
 Metaspace       used 142394K, committed 143168K, reserved 1179648K
  class space    used 18344K, committed 18688K, reserved 1048576K
}
Event: 14.378 GC heap after
{Heap after GC invocations=54 (full 0):
 garbage-first heap   total 186368K, used 142245K [0x0000000080000000, 0x0000000100000000)
  region size 1024K, 4 young (4096K), 4 survivors (4096K)
 Metaspace       used 142394K, committed 143168K, reserved 1179648K
  class space    used 18344K, committed 18688K, reserved 1048576K
}
Event: 14.438 GC heap before
{Heap before GC invocations=54 (full 0):
 garbage-first heap   total 186368K, used 156581K [0x0000000080000000, 0x0000000100000000)
  region size 1024K, 19 young (19456K), 4 survivors (4096K)
 Metaspace       used 142394K, committed 143168K, reserved 1179648K
  class space    used 18344K, committed 18688K, reserved 1048576K
}
Event: 14.443 GC heap after
{Heap after GC invocations=55 (full 0):
 garbage-first heap   total 186368K, used 146704K [0x0000000080000000, 0x0000000100000000)
  region size 1024K, 3 young (3072K), 3 survivors (3072K)
 Metaspace       used 142394K, committed 143168K, reserved 1179648K
  class space    used 18344K, committed 18688K, reserved 1048576K
}
Event: 14.513 GC heap before
{Heap before GC invocations=55 (full 0):
 garbage-first heap   total 265216K, used 158992K [0x0000000080000000, 0x0000000100000000)
  region size 1024K, 14 young (14336K), 3 survivors (3072K)
 Metaspace       used 142406K, committed 143168K, reserved 1179648K
  class space    used 18345K, committed 18688K, reserved 1048576K
}
Event: 14.516 GC heap after
{Heap after GC invocations=56 (full 0):
 garbage-first heap   total 265216K, used 146105K [0x0000000080000000, 0x0000000100000000)
  region size 1024K, 2 young (2048K), 2 survivors (2048K)
 Metaspace       used 142406K, committed 143168K, reserved 1179648K
  class space    used 18345K, committed 18688K, reserved 1048576K
}
Event: 14.858 GC heap before
{Heap before GC invocations=57 (full 0):
 garbage-first heap   total 265216K, used 215737K [0x0000000080000000, 0x0000000100000000)
  region size 1024K, 59 young (60416K), 2 survivors (2048K)
 Metaspace       used 142466K, committed 143232K, reserved 1179648K
  class space    used 18345K, committed 18688K, reserved 1048576K
}
Event: 14.864 GC heap after
{Heap after GC invocations=58 (full 0):
 garbage-first heap   total 265216K, used 163328K [0x0000000080000000, 0x0000000100000000)
  region size 1024K, 8 young (8192K), 8 survivors (8192K)
 Metaspace       used 142466K, committed 143232K, reserved 1179648K
  class space    used 18345K, committed 18688K, reserved 1048576K
}
Event: 14.873 GC heap before
{Heap before GC invocations=58 (full 0):
 garbage-first heap   total 265216K, used 166400K [0x0000000080000000, 0x0000000100000000)
  region size 1024K, 12 young (12288K), 8 survivors (8192K)
 Metaspace       used 142471K, committed 143232K, reserved 1179648K
  class space    used 18345K, committed 18688K, reserved 1048576K
}
Event: 14.876 GC heap after
{Heap after GC invocations=59 (full 0):
 garbage-first heap   total 265216K, used 159844K [0x0000000080000000, 0x0000000100000000)
  region size 1024K, 2 young (2048K), 2 survivors (2048K)
 Metaspace       used 142471K, committed 143232K, reserved 1179648K
  class space    used 18345K, committed 18688K, reserved 1048576K
}
Event: 15.294 GC heap before
{Heap before GC invocations=59 (full 0):
 garbage-first heap   total 265216K, used 216164K [0x0000000080000000, 0x0000000100000000)
  region size 1024K, 51 young (52224K), 2 survivors (2048K)
 Metaspace       used 143960K, committed 144832K, reserved 1179648K
  class space    used 18499K, committed 18880K, reserved 1048576K
}
Event: 15.303 GC heap after
{Heap after GC invocations=60 (full 0):
 garbage-first heap   total 530432K, used 172998K [0x0000000080000000, 0x0000000100000000)
  region size 1024K, 7 young (7168K), 7 survivors (7168K)
 Metaspace       used 143960K, committed 144832K, reserved 1179648K
  class space    used 18499K, committed 18880K, reserved 1048576K
}
Event: 17.314 GC heap before
{Heap before GC invocations=60 (full 0):
 garbage-first heap   total 530432K, used 369606K [0x0000000080000000, 0x0000000100000000)
  region size 1024K, 189 young (193536K), 7 survivors (7168K)
 Metaspace       used 158269K, committed 159040K, reserved 1245184K
  class space    used 20406K, committed 20736K, reserved 1048576K
}
Event: 17.323 GC heap after
{Heap after GC invocations=61 (full 0):
 garbage-first heap   total 530432K, used 190465K [0x0000000080000000, 0x0000000100000000)
  region size 1024K, 19 young (19456K), 19 survivors (19456K)
 Metaspace       used 158269K, committed 159040K, reserved 1245184K
  class space    used 20406K, committed 20736K, reserved 1048576K
}
Event: 18.832 GC heap before
{Heap before GC invocations=61 (full 0):
 garbage-first heap   total 530432K, used 394241K [0x0000000080000000, 0x0000000100000000)
  region size 1024K, 217 young (222208K), 19 survivors (19456K)
 Metaspace       used 161674K, committed 162496K, reserved 1245184K
  class space    used 20793K, committed 21184K, reserved 1048576K
}
Event: 18.844 GC heap after
{Heap after GC invocations=62 (full 0):
 garbage-first heap   total 530432K, used 202348K [0x0000000080000000, 0x0000000100000000)
  region size 1024K, 23 young (23552K), 23 survivors (23552K)
 Metaspace       used 161674K, committed 162496K, reserved 1245184K
  class space    used 20793K, committed 21184K, reserved 1048576K
}
Event: 21.242 GC heap before
{Heap before GC invocations=62 (full 0):
 garbage-first heap   total 530432K, used 426604K [0x0000000080000000, 0x0000000100000000)
  region size 1024K, 241 young (246784K), 23 survivors (23552K)
 Metaspace       used 173024K, committed 173952K, reserved 1245184K
  class space    used 22332K, committed 22784K, reserved 1048576K
}
Event: 21.251 GC heap after
{Heap after GC invocations=63 (full 0):
 garbage-first heap   total 530432K, used 201365K [0x0000000080000000, 0x0000000100000000)
  region size 1024K, 11 young (11264K), 11 survivors (11264K)
 Metaspace       used 173024K, committed 173952K, reserved 1245184K
  class space    used 22332K, committed 22784K, reserved 1048576K
}

