# JRE version: OpenJDK Runtime Environment (17.0.10) (build 17.0.10+0--11609105)
# Java VM: OpenJDK 64-Bit Server VM (17.0.10+0--11609105, mixed mode, tiered, compressed oops, compressed class ptrs, g1 gc, windows-amd64)
GC Precious Log:
 CPUs: 12 total, 12 available
 Memory: 16171M
 Large Page Support: Disabled
 NUMA Support: Disabled
 Compressed Oops: Enabled (32-bit)
 Heap Region Size: 1M
 Heap Min Capacity: 8M
 Heap Initial Capacity: 254M
 Heap Max Capacity: 2G
 Pre-touch: Disabled
 Parallel Workers: 10
 Concurrent Workers: 3
 Concurrent Refinement Workers: 10
 Periodic GC: Disabled
Heap:
 garbage-first heap   total 283648K, used 144775K [0x0000000080000000, 0x0000000100000000)
  region size 1024K, 11 young (11264K), 11 survivors (11264K)
 Metaspace       used 136272K, committed 137280K, reserved 1179648K
  class space    used 19054K, committed 19520K, reserved 1048576K
GC Heap History (20 events):
Event: 474.637 GC heap after
{Heap after GC invocations=64 (full 0):
 garbage-first heap   total 283648K, used 149357K [0x0000000080000000, 0x0000000100000000)
  region size 1024K, 3 young (3072K), 3 survivors (3072K)
 Metaspace       used 132295K, committed 133312K, reserved 1179648K
  class space    used 18714K, committed 19200K, reserved 1048576K
}
Event: 474.699 GC heap before
{Heap before GC invocations=64 (full 0):
 garbage-first heap   total 283648K, used 158573K [0x0000000080000000, 0x0000000100000000)
  region size 1024K, 13 young (13312K), 3 survivors (3072K)
 Metaspace       used 132306K, committed 133312K, reserved 1179648K
  class space    used 18714K, committed 19200K, reserved 1048576K
}
Event: 474.706 GC heap after
{Heap after GC invocations=65 (full 0):
 garbage-first heap   total 283648K, used 138261K [0x0000000080000000, 0x0000000100000000)
  region size 1024K, 2 young (2048K), 2 survivors (2048K)
 Metaspace       used 132306K, committed 133312K, reserved 1179648K
  class space    used 18714K, committed 19200K, reserved 1048576K
}
Event: 475.289 GC heap before
{Heap before GC invocations=65 (full 0):
 garbage-first heap   total 283648K, used 236565K [0x0000000080000000, 0x0000000100000000)
  region size 1024K, 98 young (100352K), 2 survivors (2048K)
 Metaspace       used 132657K, committed 133632K, reserved 1179648K
  class space    used 18730K, committed 19200K, reserved 1048576K
}
Event: 475.296 GC heap after
{Heap after GC invocations=66 (full 0):
 garbage-first heap   total 283648K, used 147174K [0x0000000080000000, 0x0000000100000000)
  region size 1024K, 11 young (11264K), 11 survivors (11264K)
 Metaspace       used 132657K, committed 133632K, reserved 1179648K
  class space    used 18730K, committed 19200K, reserved 1048576K
}
Event: 2701.485 GC heap before
{Heap before GC invocations=66 (full 0):
 garbage-first heap   total 283648K, used 226022K [0x0000000080000000, 0x0000000100000000)
  region size 1024K, 89 young (91136K), 11 survivors (11264K)
 Metaspace       used 135092K, committed 136192K, reserved 1179648K
  class space    used 19020K, committed 19520K, reserved 1048576K
}
Event: 2701.493 GC heap after
{Heap after GC invocations=67 (full 0):
 garbage-first heap   total 283648K, used 151778K [0x0000000080000000, 0x0000000100000000)
  region size 1024K, 5 young (5120K), 5 survivors (5120K)
 Metaspace       used 135092K, committed 136192K, reserved 1179648K
  class space    used 19020K, committed 19520K, reserved 1048576K
}
Event: 2702.078 GC heap before
{Heap before GC invocations=68 (full 0):
 garbage-first heap   total 283648K, used 229602K [0x0000000080000000, 0x0000000100000000)
  region size 1024K, 83 young (84992K), 5 survivors (5120K)
 Metaspace       used 134620K, committed 136192K, reserved 1179648K
  class space    used 18881K, committed 19520K, reserved 1048576K
}
Event: 2702.086 GC heap after
{Heap after GC invocations=69 (full 0):
 garbage-first heap   total 283648K, used 159914K [0x0000000080000000, 0x0000000100000000)
  region size 1024K, 11 young (11264K), 11 survivors (11264K)
 Metaspace       used 134620K, committed 136192K, reserved 1179648K
  class space    used 18881K, committed 19520K, reserved 1048576K
}
Event: 2702.092 GC heap before
{Heap before GC invocations=69 (full 0):
 garbage-first heap   total 283648K, used 161962K [0x0000000080000000, 0x0000000100000000)
  region size 1024K, 13 young (13312K), 11 survivors (11264K)
 Metaspace       used 134621K, committed 136192K, reserved 1179648K
  class space    used 18881K, committed 19520K, reserved 1048576K
}
Event: 2702.106 GC heap after
{Heap after GC invocations=70 (full 0):
 garbage-first heap   total 283648K, used 139619K [0x0000000080000000, 0x0000000100000000)
  region size 1024K, 2 young (2048K), 2 survivors (2048K)
 Metaspace       used 134621K, committed 136192K, reserved 1179648K
  class space    used 18881K, committed 19520K, reserved 1048576K
}
Event: 2702.256 GC heap before
{Heap before GC invocations=70 (full 0):
 garbage-first heap   total 283648K, used 149859K [0x0000000080000000, 0x0000000100000000)
  region size 1024K, 13 young (13312K), 2 survivors (2048K)
 Metaspace       used 134719K, committed 136192K, reserved 1179648K
  class space    used 18881K, committed 19520K, reserved 1048576K
}
Event: 2702.263 GC heap after
{Heap after GC invocations=71 (full 0):
 garbage-first heap   total 283648K, used 133611K [0x0000000080000000, 0x0000000100000000)
  region size 1024K, 2 young (2048K), 2 survivors (2048K)
 Metaspace       used 134719K, committed 136192K, reserved 1179648K
  class space    used 18881K, committed 19520K, reserved 1048576K
}
Event: 3096.314 GC heap before
{Heap before GC invocations=71 (full 0):
 garbage-first heap   total 283648K, used 224747K [0x0000000080000000, 0x0000000100000000)
  region size 1024K, 92 young (94208K), 2 survivors (2048K)
 Metaspace       used 135694K, committed 136704K, reserved 1179648K
  class space    used 19019K, committed 19520K, reserved 1048576K
}
Event: 3096.319 GC heap after
{Heap after GC invocations=72 (full 0):
 garbage-first heap   total 283648K, used 140350K [0x0000000080000000, 0x0000000100000000)
  region size 1024K, 9 young (9216K), 9 survivors (9216K)
 Metaspace       used 135694K, committed 136704K, reserved 1179648K
  class space    used 19019K, committed 19520K, reserved 1048576K
}
Event: 3097.879 GC heap before
{Heap before GC invocations=73 (full 0):
 garbage-first heap   total 283648K, used 227390K [0x0000000080000000, 0x0000000100000000)
  region size 1024K, 96 young (98304K), 9 survivors (9216K)
 Metaspace       used 135964K, committed 137024K, reserved 1179648K
  class space    used 19034K, committed 19520K, reserved 1048576K
}
Event: 3097.888 GC heap after
{Heap after GC invocations=74 (full 0):
 garbage-first heap   total 283648K, used 147776K [0x0000000080000000, 0x0000000100000000)
  region size 1024K, 10 young (10240K), 10 survivors (10240K)
 Metaspace       used 135964K, committed 137024K, reserved 1179648K
  class space    used 19034K, committed 19520K, reserved 1048576K
}
Event: 3097.961 GC heap before
{Heap before GC invocations=74 (full 0):
 garbage-first heap   total 283648K, used 149824K [0x0000000080000000, 0x0000000100000000)
  region size 1024K, 13 young (13312K), 10 survivors (10240K)
 Metaspace       used 135971K, committed 137024K, reserved 1179648K
  class space    used 19034K, committed 19520K, reserved 1048576K
}
Event: 3097.971 GC heap after
{Heap after GC invocations=75 (full 0):
 garbage-first heap   total 283648K, used 135935K [0x0000000080000000, 0x0000000100000000)
  region size 1024K, 2 young (2048K), 2 survivors (2048K)
 Metaspace       used 135971K, committed 137024K, reserved 1179648K
  class space    used 19034K, committed 19520K, reserved 1048576K
}
Event: 3102.714 GC heap before
{Heap before GC invocations=75 (full 0):
 garbage-first heap   total 283648K, used 226047K [0x0000000080000000, 0x0000000100000000)
  region size 1024K, 91 young (93184K), 2 survivors (2048K)
 Metaspace       used 136272K, committed 137280K, reserved 1179648K
  class space    used 19054K, committed 19520K, reserved 1048576K
}

