# JRE version: OpenJDK Runtime Environment (17.0.10) (build 17.0.10+0--11609105)
# Java VM: OpenJDK 64-Bit Server VM (17.0.10+0--11609105, mixed mode, tiered, compressed oops, compressed class ptrs, g1 gc, windows-amd64)
GC Precious Log:
 CPUs: 12 total, 12 available
 Memory: 16171M
 Large Page Support: Disabled
 NUMA Support: Disabled
 Compressed Oops: Enabled (32-bit)
 Heap Region Size: 1M
 Heap Min Capacity: 8M
 Heap Initial Capacity: 254M
 Heap Max Capacity: 2G
 Pre-touch: Disabled
 Parallel Workers: 10
 Concurrent Workers: 3
 Concurrent Refinement Workers: 10
 Periodic GC: Disabled
Heap:
 garbage-first heap   total 323584K, used 153245K [0x0000000080000000, 0x0000000100000000)
  region size 1024K, 2 young (2048K), 2 survivors (2048K)
 Metaspace       used 151800K, committed 153024K, reserved 1179648K
  class space    used 22176K, committed 22784K, reserved 1048576K
GC Heap History (20 events):
Event: 78.670 GC heap after
{Heap after GC invocations=49 (full 0):
 garbage-first heap   total 314368K, used 164020K [0x0000000080000000, 0x0000000100000000)
  region size 1024K, 11 young (11264K), 11 survivors (11264K)
 Metaspace       used 149284K, committed 150400K, reserved 1179648K
  class space    used 21991K, committed 22528K, reserved 1048576K
}
Event: 564.981 GC heap before
{Heap before GC invocations=50 (full 0):
 garbage-first heap   total 314368K, used 252084K [0x0000000080000000, 0x0000000100000000)
  region size 1024K, 103 young (105472K), 11 survivors (11264K)
 Metaspace       used 150083K, committed 151104K, reserved 1179648K
  class space    used 22076K, committed 22592K, reserved 1048576K
}
Event: 564.988 GC heap after
{Heap after GC invocations=51 (full 0):
 garbage-first heap   total 314368K, used 163116K [0x0000000080000000, 0x0000000100000000)
  region size 1024K, 5 young (5120K), 5 survivors (5120K)
 Metaspace       used 150083K, committed 151104K, reserved 1179648K
  class space    used 22076K, committed 22592K, reserved 1048576K
}
Event: 565.059 GC heap before
{Heap before GC invocations=51 (full 0):
 garbage-first heap   total 314368K, used 173356K [0x0000000080000000, 0x0000000100000000)
  region size 1024K, 15 young (15360K), 5 survivors (5120K)
 Metaspace       used 150092K, committed 151104K, reserved 1179648K
  class space    used 22076K, committed 22592K, reserved 1048576K
}
Event: 565.063 GC heap after
{Heap after GC invocations=52 (full 0):
 garbage-first heap   total 314368K, used 157320K [0x0000000080000000, 0x0000000100000000)
  region size 1024K, 2 young (2048K), 2 survivors (2048K)
 Metaspace       used 150092K, committed 151104K, reserved 1179648K
  class space    used 22076K, committed 22592K, reserved 1048576K
}
Event: 565.944 GC heap before
{Heap before GC invocations=52 (full 0):
 garbage-first heap   total 314368K, used 257672K [0x0000000080000000, 0x0000000100000000)
  region size 1024K, 101 young (103424K), 2 survivors (2048K)
 Metaspace       used 150650K, committed 151808K, reserved 1179648K
  class space    used 22110K, committed 22656K, reserved 1048576K
}
Event: 565.952 GC heap after
{Heap after GC invocations=53 (full 0):
 garbage-first heap   total 314368K, used 166588K [0x0000000080000000, 0x0000000100000000)
  region size 1024K, 12 young (12288K), 12 survivors (12288K)
 Metaspace       used 150650K, committed 151808K, reserved 1179648K
  class space    used 22110K, committed 22656K, reserved 1048576K
}
Event: 942.522 GC heap before
{Heap before GC invocations=53 (full 0):
 garbage-first heap   total 314368K, used 258748K [0x0000000080000000, 0x0000000100000000)
  region size 1024K, 102 young (104448K), 12 survivors (12288K)
 Metaspace       used 150950K, committed 152064K, reserved 1179648K
  class space    used 22118K, committed 22656K, reserved 1048576K
}
Event: 942.532 GC heap after
{Heap after GC invocations=54 (full 0):
 garbage-first heap   total 314368K, used 177144K [0x0000000080000000, 0x0000000100000000)
  region size 1024K, 11 young (11264K), 11 survivors (11264K)
 Metaspace       used 150950K, committed 152064K, reserved 1179648K
  class space    used 22118K, committed 22656K, reserved 1048576K
}
Event: 949.046 GC heap before
{Heap before GC invocations=55 (full 0):
 garbage-first heap   total 314368K, used 251896K [0x0000000080000000, 0x0000000100000000)
  region size 1024K, 90 young (92160K), 11 survivors (11264K)
 Metaspace       used 151203K, committed 152384K, reserved 1179648K
  class space    used 22141K, committed 22720K, reserved 1048576K
}
Event: 949.052 GC heap after
{Heap after GC invocations=56 (full 0):
 garbage-first heap   total 314368K, used 178017K [0x0000000080000000, 0x0000000100000000)
  region size 1024K, 7 young (7168K), 7 survivors (7168K)
 Metaspace       used 151203K, committed 152384K, reserved 1179648K
  class space    used 22141K, committed 22720K, reserved 1048576K
}
Event: 949.086 GC heap before
{Heap before GC invocations=56 (full 0):
 garbage-first heap   total 314368K, used 186209K [0x0000000080000000, 0x0000000100000000)
  region size 1024K, 15 young (15360K), 7 survivors (7168K)
 Metaspace       used 151217K, committed 152384K, reserved 1179648K
  class space    used 22141K, committed 22720K, reserved 1048576K
}
Event: 949.098 GC heap after
{Heap after GC invocations=57 (full 0):
 garbage-first heap   total 314368K, used 159427K [0x0000000080000000, 0x0000000100000000)
  region size 1024K, 2 young (2048K), 2 survivors (2048K)
 Metaspace       used 151217K, committed 152384K, reserved 1179648K
  class space    used 22141K, committed 22720K, reserved 1048576K
}
Event: 949.192 GC heap before
{Heap before GC invocations=57 (full 0):
 garbage-first heap   total 314368K, used 172739K [0x0000000080000000, 0x0000000100000000)
  region size 1024K, 15 young (15360K), 2 survivors (2048K)
 Metaspace       used 151296K, committed 152448K, reserved 1179648K
  class space    used 22141K, committed 22720K, reserved 1048576K
}
Event: 949.196 GC heap after
{Heap after GC invocations=58 (full 0):
 garbage-first heap   total 314368K, used 160415K [0x0000000080000000, 0x0000000100000000)
  region size 1024K, 2 young (2048K), 2 survivors (2048K)
 Metaspace       used 151296K, committed 152448K, reserved 1179648K
  class space    used 22141K, committed 22720K, reserved 1048576K
}
Event: 972.958 GC heap before
{Heap before GC invocations=58 (full 0):
 garbage-first heap   total 314368K, used 256671K [0x0000000080000000, 0x0000000100000000)
  region size 1024K, 97 young (99328K), 2 survivors (2048K)
 Metaspace       used 151532K, committed 152704K, reserved 1179648K
  class space    used 22161K, committed 22720K, reserved 1048576K
}
Event: 972.964 GC heap after
{Heap after GC invocations=59 (full 0):
 garbage-first heap   total 314368K, used 167583K [0x0000000080000000, 0x0000000100000000)
  region size 1024K, 9 young (9216K), 9 survivors (9216K)
 Metaspace       used 151532K, committed 152704K, reserved 1179648K
  class space    used 22161K, committed 22720K, reserved 1048576K
}
Event: 973.433 GC heap before
{Heap before GC invocations=60 (full 0):
 garbage-first heap   total 314368K, used 243359K [0x0000000080000000, 0x0000000100000000)
  region size 1024K, 98 young (100352K), 9 survivors (9216K)
 Metaspace       used 151795K, committed 153024K, reserved 1179648K
  class space    used 22176K, committed 22784K, reserved 1048576K
}
Event: 973.443 GC heap after
{Heap after GC invocations=61 (full 0):
 garbage-first heap   total 314368K, used 163306K [0x0000000080000000, 0x0000000100000000)
  region size 1024K, 12 young (12288K), 12 survivors (12288K)
 Metaspace       used 151795K, committed 153024K, reserved 1179648K
  class space    used 22176K, committed 22784K, reserved 1048576K
}
Event: 973.449 GC heap before
{Heap before GC invocations=61 (full 0):
 garbage-first heap   total 314368K, used 166378K [0x0000000080000000, 0x0000000100000000)
  region size 1024K, 15 young (15360K), 12 survivors (12288K)
 Metaspace       used 151800K, committed 153024K, reserved 1179648K
  class space    used 22176K, committed 22784K, reserved 1048576K
}

