# JRE version: OpenJDK Runtime Environment (17.0.10) (build 17.0.10+0--11609105)
# Java VM: OpenJDK 64-Bit Server VM (17.0.10+0--11609105, mixed mode, tiered, compressed oops, compressed class ptrs, g1 gc, windows-amd64)
GC Precious Log:
 CPUs: 12 total, 12 available
 Memory: 16171M
 Large Page Support: Disabled
 NUMA Support: Disabled
 Compressed Oops: Enabled (32-bit)
 Heap Region Size: 1M
 Heap Min Capacity: 8M
 Heap Initial Capacity: 254M
 Heap Max Capacity: 2G
 Pre-touch: Disabled
 Parallel Workers: 10
 Concurrent Workers: 3
 Concurrent Refinement Workers: 10
 Periodic GC: Disabled
Heap:
 garbage-first heap   total 214016K, used 140902K [0x0000000080000000, 0x0000000100000000)
  region size 1024K, 10 young (10240K), 6 survivors (6144K)
 Metaspace       used 95395K, committed 96192K, reserved 1179648K
  class space    used 13191K, committed 13568K, reserved 1048576K
GC Heap History (20 events):
Event: 6.183 GC heap before
{Heap before GC invocations=28 (full 0):
 garbage-first heap   total 178176K, used 108597K [0x0000000080000000, 0x0000000100000000)
  region size 1024K, 8 young (8192K), 2 survivors (2048K)
 Metaspace       used 69779K, committed 70528K, reserved 1114112K
  class space    used 9494K, committed 9856K, reserved 1048576K
}
Event: 6.185 GC heap after
{Heap after GC invocations=29 (full 0):
 garbage-first heap   total 178176K, used 102153K [0x0000000080000000, 0x0000000100000000)
  region size 1024K, 1 young (1024K), 1 survivors (1024K)
 Metaspace       used 69779K, committed 70528K, reserved 1114112K
  class space    used 9494K, committed 9856K, reserved 1048576K
}
Event: 6.325 GC heap before
{Heap before GC invocations=29 (full 0):
 garbage-first heap   total 178176K, used 114441K [0x0000000080000000, 0x0000000100000000)
  region size 1024K, 14 young (14336K), 1 survivors (1024K)
 Metaspace       used 71648K, committed 72384K, reserved 1114112K
  class space    used 9724K, committed 10048K, reserved 1048576K
}
Event: 6.327 GC heap after
{Heap after GC invocations=30 (full 0):
 garbage-first heap   total 214016K, used 103832K [0x0000000080000000, 0x0000000100000000)
  region size 1024K, 2 young (2048K), 2 survivors (2048K)
 Metaspace       used 71648K, committed 72384K, reserved 1114112K
  class space    used 9724K, committed 10048K, reserved 1048576K
}
Event: 6.772 GC heap before
{Heap before GC invocations=31 (full 0):
 garbage-first heap   total 214016K, used 172440K [0x0000000080000000, 0x0000000100000000)
  region size 1024K, 64 young (65536K), 2 survivors (2048K)
 Metaspace       used 75411K, committed 76160K, reserved 1179648K
  class space    used 10220K, committed 10560K, reserved 1048576K
}
Event: 6.777 GC heap after
{Heap after GC invocations=32 (full 0):
 garbage-first heap   total 214016K, used 109176K [0x0000000080000000, 0x0000000100000000)
  region size 1024K, 7 young (7168K), 7 survivors (7168K)
 Metaspace       used 75411K, committed 76160K, reserved 1179648K
  class space    used 10220K, committed 10560K, reserved 1048576K
}
Event: 6.799 GC heap before
{Heap before GC invocations=32 (full 0):
 garbage-first heap   total 214016K, used 112248K [0x0000000080000000, 0x0000000100000000)
  region size 1024K, 10 young (10240K), 7 survivors (7168K)
 Metaspace       used 75624K, committed 76288K, reserved 1179648K
  class space    used 10250K, committed 10560K, reserved 1048576K
}
Event: 6.802 GC heap after
{Heap after GC invocations=33 (full 0):
 garbage-first heap   total 214016K, used 109742K [0x0000000080000000, 0x0000000100000000)
  region size 1024K, 1 young (1024K), 1 survivors (1024K)
 Metaspace       used 75624K, committed 76288K, reserved 1179648K
  class space    used 10250K, committed 10560K, reserved 1048576K
}
Event: 7.277 GC heap before
{Heap before GC invocations=33 (full 0):
 garbage-first heap   total 214016K, used 173230K [0x0000000080000000, 0x0000000100000000)
  region size 1024K, 60 young (61440K), 1 survivors (1024K)
 Metaspace       used 82074K, committed 82816K, reserved 1179648K
  class space    used 11155K, committed 11520K, reserved 1048576K
}
Event: 7.280 GC heap after
{Heap after GC invocations=34 (full 0):
 garbage-first heap   total 214016K, used 115996K [0x0000000080000000, 0x0000000100000000)
  region size 1024K, 3 young (3072K), 3 survivors (3072K)
 Metaspace       used 82074K, committed 82816K, reserved 1179648K
  class space    used 11155K, committed 11520K, reserved 1048576K
}
Event: 7.695 GC heap before
{Heap before GC invocations=35 (full 0):
 garbage-first heap   total 214016K, used 175388K [0x0000000080000000, 0x0000000100000000)
  region size 1024K, 61 young (62464K), 3 survivors (3072K)
 Metaspace       used 84785K, committed 85504K, reserved 1179648K
  class space    used 11531K, committed 11904K, reserved 1048576K
}
Event: 7.699 GC heap after
{Heap after GC invocations=36 (full 0):
 garbage-first heap   total 214016K, used 121139K [0x0000000080000000, 0x0000000100000000)
  region size 1024K, 8 young (8192K), 8 survivors (8192K)
 Metaspace       used 84785K, committed 85504K, reserved 1179648K
  class space    used 11531K, committed 11904K, reserved 1048576K
}
Event: 7.713 GC heap before
{Heap before GC invocations=36 (full 0):
 garbage-first heap   total 214016K, used 122163K [0x0000000080000000, 0x0000000100000000)
  region size 1024K, 10 young (10240K), 8 survivors (8192K)
 Metaspace       used 84785K, committed 85504K, reserved 1179648K
  class space    used 11531K, committed 11904K, reserved 1048576K
}
Event: 7.716 GC heap after
{Heap after GC invocations=37 (full 0):
 garbage-first heap   total 214016K, used 121256K [0x0000000080000000, 0x0000000100000000)
  region size 1024K, 1 young (1024K), 1 survivors (1024K)
 Metaspace       used 84785K, committed 85504K, reserved 1179648K
  class space    used 11531K, committed 11904K, reserved 1048576K
}
Event: 8.091 GC heap before
{Heap before GC invocations=37 (full 0):
 garbage-first heap   total 214016K, used 176552K [0x0000000080000000, 0x0000000100000000)
  region size 1024K, 54 young (55296K), 1 survivors (1024K)
 Metaspace       used 88297K, committed 89024K, reserved 1179648K
  class space    used 12030K, committed 12352K, reserved 1048576K
}
Event: 8.093 GC heap after
{Heap after GC invocations=38 (full 0):
 garbage-first heap   total 214016K, used 122694K [0x0000000080000000, 0x0000000100000000)
  region size 1024K, 3 young (3072K), 3 survivors (3072K)
 Metaspace       used 88297K, committed 89024K, reserved 1179648K
  class space    used 12030K, committed 12352K, reserved 1048576K
}
Event: 8.431 GC heap before
{Heap before GC invocations=38 (full 0):
 garbage-first heap   total 214016K, used 176966K [0x0000000080000000, 0x0000000100000000)
  region size 1024K, 56 young (57344K), 3 survivors (3072K)
 Metaspace       used 92122K, committed 92928K, reserved 1179648K
  class space    used 12750K, committed 13120K, reserved 1048576K
}
Event: 8.434 GC heap after
{Heap after GC invocations=39 (full 0):
 garbage-first heap   total 214016K, used 124630K [0x0000000080000000, 0x0000000100000000)
  region size 1024K, 5 young (5120K), 5 survivors (5120K)
 Metaspace       used 92122K, committed 92928K, reserved 1179648K
  class space    used 12750K, committed 13120K, reserved 1048576K
}
Event: 8.748 GC heap before
{Heap before GC invocations=39 (full 0):
 garbage-first heap   total 214016K, used 165590K [0x0000000080000000, 0x0000000100000000)
  region size 1024K, 46 young (47104K), 5 survivors (5120K)
 Metaspace       used 95317K, committed 96128K, reserved 1179648K
  class space    used 13182K, committed 13568K, reserved 1048576K
}
Event: 8.752 GC heap after
{Heap after GC invocations=40 (full 0):
 garbage-first heap   total 214016K, used 126566K [0x0000000080000000, 0x0000000100000000)
  region size 1024K, 6 young (6144K), 6 survivors (6144K)
 Metaspace       used 95317K, committed 96128K, reserved 1179648K
  class space    used 13182K, committed 13568K, reserved 1048576K
}

